Determining if files endian.h exist failed with the following output:
Change Dir: C:/Users/fangl/OneDrive/Documents/Code/jansson-2.7/CMakeFiles/CMakeTmp

Run Build Command:"C:/Program Files (x86)/MSBuild/14.0/bin/MSBuild.exe" "cmTC_ac77b.vcxproj" "/p:Configuration=Debug" "/p:VisualStudioVersion=14.0"
Microsoft (R) Build Engine version 14.0.25123.0
Copyright (C) Microsoft Corporation. All rights reserved.

Build started 4/20/2016 7:51:32 AM.
Project "C:\Users\fangl\OneDrive\Documents\Code\jansson-2.7\CMakeFiles\CMakeTmp\cmTC_ac77b.vcxproj" on node 1 (default targets).
PrepareForBuild:
  Creating directory "cmTC_ac77b.dir\Debug\".
  Creating directory "C:\Users\fangl\OneDrive\Documents\Code\jansson-2.7\CMakeFiles\CMakeTmp\Debug\".
  Creating directory "cmTC_ac77b.dir\Debug\cmTC_ac77b.tlog\".
InitializeBuildStatus:
  Creating "cmTC_ac77b.dir\Debug\cmTC_ac77b.tlog\unsuccessfulbuild" because "AlwaysCreate" was specified.
ClCompile:
  C:\Program Files (x86)\Microsoft Visual Studio 14.0\VC\bin\CL.exe /c /Zi /W3 /WX- /Od /Ob0 /Oy- /D WIN32 /D _WINDOWS /D _DEBUG /D "CMAKE_INTDIR=\"Debug\"" /D _MBCS /Gm- /RTC1 /MDd /GS /fp:precise /Zc:wchar_t /Zc:forScope /Zc:inline /Fo"cmTC_ac77b.dir\Debug\\" /Fd"cmTC_ac77b.dir\Debug\vc140.pdb" /Gd /TC /analyze- /errorReport:queue "C:\Users\fangl\OneDrive\Documents\Code\jansson-2.7\CMakeFiles\CMakeTmp\CheckIncludeFiles.c"
  Microsoft (R) C/C++ Optimizing Compiler Version 19.00.23918 for x86
  Copyright (C) Microsoft Corporation.  All rights reserved.
  
  cl /c /Zi /W3 /WX- /Od /Ob0 /Oy- /D WIN32 /D _WINDOWS /D _DEBUG /D "CMAKE_INTDIR=\"Debug\"" /D _MBCS /Gm- /RTC1 /MDd /GS /fp:precise /Zc:wchar_t /Zc:forScope /Zc:inline /Fo"cmTC_ac77b.dir\Debug\\" /Fd"cmTC_ac77b.dir\Debug\vc140.pdb" /Gd /TC /analyze- /errorReport:queue "C:\Users\fangl\OneDrive\Documents\Code\jansson-2.7\CMakeFiles\CMakeTmp\CheckIncludeFiles.c"
  
  CheckIncludeFiles.c
C:\Users\fangl\OneDrive\Documents\Code\jansson-2.7\CMakeFiles\CMakeTmp\CheckIncludeFiles.c(2): fatal error C1083: Cannot open include file: 'endian.h': No such file or directory [C:\Users\fangl\OneDrive\Documents\Code\jansson-2.7\CMakeFiles\CMakeTmp\cmTC_ac77b.vcxproj]
Done Building Project "C:\Users\fangl\OneDrive\Documents\Code\jansson-2.7\CMakeFiles\CMakeTmp\cmTC_ac77b.vcxproj" (default targets) -- FAILED.

Build FAILED.

"C:\Users\fangl\OneDrive\Documents\Code\jansson-2.7\CMakeFiles\CMakeTmp\cmTC_ac77b.vcxproj" (default target) (1) ->
(ClCompile target) -> 
  C:\Users\fangl\OneDrive\Documents\Code\jansson-2.7\CMakeFiles\CMakeTmp\CheckIncludeFiles.c(2): fatal error C1083: Cannot open include file: 'endian.h': No such file or directory [C:\Users\fangl\OneDrive\Documents\Code\jansson-2.7\CMakeFiles\CMakeTmp\cmTC_ac77b.vcxproj]

    0 Warning(s)
    1 Error(s)

Time Elapsed 00:00:01.48

Source:
/* */
#include <endian.h>


int main(void){return 0;}

Determining if files sched.h exist failed with the following output:
Change Dir: C:/Users/fangl/OneDrive/Documents/Code/jansson-2.7/CMakeFiles/CMakeTmp

Run Build Command:"C:/Program Files (x86)/MSBuild/14.0/bin/MSBuild.exe" "cmTC_052b3.vcxproj" "/p:Configuration=Debug" "/p:VisualStudioVersion=14.0"
Microsoft (R) Build Engine version 14.0.25123.0
Copyright (C) Microsoft Corporation. All rights reserved.

Build started 4/20/2016 7:51:37 AM.
Project "C:\Users\fangl\OneDrive\Documents\Code\jansson-2.7\CMakeFiles\CMakeTmp\cmTC_052b3.vcxproj" on node 1 (default targets).
PrepareForBuild:
  Creating directory "cmTC_052b3.dir\Debug\".
  Creating directory "C:\Users\fangl\OneDrive\Documents\Code\jansson-2.7\CMakeFiles\CMakeTmp\Debug\".
  Creating directory "cmTC_052b3.dir\Debug\cmTC_052b3.tlog\".
InitializeBuildStatus:
  Creating "cmTC_052b3.dir\Debug\cmTC_052b3.tlog\unsuccessfulbuild" because "AlwaysCreate" was specified.
ClCompile:
  C:\Program Files (x86)\Microsoft Visual Studio 14.0\VC\bin\CL.exe /c /Zi /W3 /WX- /Od /Ob0 /Oy- /D WIN32 /D _WINDOWS /D _DEBUG /D "CMAKE_INTDIR=\"Debug\"" /D _MBCS /Gm- /RTC1 /MDd /GS /fp:precise /Zc:wchar_t /Zc:forScope /Zc:inline /Fo"cmTC_052b3.dir\Debug\\" /Fd"cmTC_052b3.dir\Debug\vc140.pdb" /Gd /TC /analyze- /errorReport:queue "C:\Users\fangl\OneDrive\Documents\Code\jansson-2.7\CMakeFiles\CMakeTmp\CheckIncludeFiles.c"
  Microsoft (R) C/C++ Optimizing Compiler Version 19.00.23918 for x86
  Copyright (C) Microsoft Corporation.  All rights reserved.
  
  cl /c /Zi /W3 /WX- /Od /Ob0 /Oy- /D WIN32 /D _WINDOWS /D _DEBUG /D "CMAKE_INTDIR=\"Debug\"" /D _MBCS /Gm- /RTC1 /MDd /GS /fp:precise /Zc:wchar_t /Zc:forScope /Zc:inline /Fo"cmTC_052b3.dir\Debug\\" /Fd"cmTC_052b3.dir\Debug\vc140.pdb" /Gd /TC /analyze- /errorReport:queue "C:\Users\fangl\OneDrive\Documents\Code\jansson-2.7\CMakeFiles\CMakeTmp\CheckIncludeFiles.c"
  
  CheckIncludeFiles.c
C:\Users\fangl\OneDrive\Documents\Code\jansson-2.7\CMakeFiles\CMakeTmp\CheckIncludeFiles.c(2): fatal error C1083: Cannot open include file: 'sched.h': No such file or directory [C:\Users\fangl\OneDrive\Documents\Code\jansson-2.7\CMakeFiles\CMakeTmp\cmTC_052b3.vcxproj]
Done Building Project "C:\Users\fangl\OneDrive\Documents\Code\jansson-2.7\CMakeFiles\CMakeTmp\cmTC_052b3.vcxproj" (default targets) -- FAILED.

Build FAILED.

"C:\Users\fangl\OneDrive\Documents\Code\jansson-2.7\CMakeFiles\CMakeTmp\cmTC_052b3.vcxproj" (default target) (1) ->
(ClCompile target) -> 
  C:\Users\fangl\OneDrive\Documents\Code\jansson-2.7\CMakeFiles\CMakeTmp\CheckIncludeFiles.c(2): fatal error C1083: Cannot open include file: 'sched.h': No such file or directory [C:\Users\fangl\OneDrive\Documents\Code\jansson-2.7\CMakeFiles\CMakeTmp\cmTC_052b3.vcxproj]

    0 Warning(s)
    1 Error(s)

Time Elapsed 00:00:01.35

Source:
/* */
#include <sched.h>


int main(void){return 0;}

Determining if files unistd.h exist failed with the following output:
Change Dir: C:/Users/fangl/OneDrive/Documents/Code/jansson-2.7/CMakeFiles/CMakeTmp

Run Build Command:"C:/Program Files (x86)/MSBuild/14.0/bin/MSBuild.exe" "cmTC_27a2b.vcxproj" "/p:Configuration=Debug" "/p:VisualStudioVersion=14.0"
Microsoft (R) Build Engine version 14.0.25123.0
Copyright (C) Microsoft Corporation. All rights reserved.

Build started 4/20/2016 7:51:39 AM.
Project "C:\Users\fangl\OneDrive\Documents\Code\jansson-2.7\CMakeFiles\CMakeTmp\cmTC_27a2b.vcxproj" on node 1 (default targets).
PrepareForBuild:
  Creating directory "cmTC_27a2b.dir\Debug\".
  Creating directory "C:\Users\fangl\OneDrive\Documents\Code\jansson-2.7\CMakeFiles\CMakeTmp\Debug\".
  Creating directory "cmTC_27a2b.dir\Debug\cmTC_27a2b.tlog\".
InitializeBuildStatus:
  Creating "cmTC_27a2b.dir\Debug\cmTC_27a2b.tlog\unsuccessfulbuild" because "AlwaysCreate" was specified.
ClCompile:
  C:\Program Files (x86)\Microsoft Visual Studio 14.0\VC\bin\CL.exe /c /Zi /W3 /WX- /Od /Ob0 /Oy- /D WIN32 /D _WINDOWS /D _DEBUG /D "CMAKE_INTDIR=\"Debug\"" /D _MBCS /Gm- /RTC1 /MDd /GS /fp:precise /Zc:wchar_t /Zc:forScope /Zc:inline /Fo"cmTC_27a2b.dir\Debug\\" /Fd"cmTC_27a2b.dir\Debug\vc140.pdb" /Gd /TC /analyze- /errorReport:queue "C:\Users\fangl\OneDrive\Documents\Code\jansson-2.7\CMakeFiles\CMakeTmp\CheckIncludeFiles.c"
  Microsoft (R) C/C++ Optimizing Compiler Version 19.00.23918 for x86
  Copyright (C) Microsoft Corporation.  All rights reserved.
  
  cl /c /Zi /W3 /WX- /Od /Ob0 /Oy- /D WIN32 /D _WINDOWS /D _DEBUG /D "CMAKE_INTDIR=\"Debug\"" /D _MBCS /Gm- /RTC1 /MDd /GS /fp:precise /Zc:wchar_t /Zc:forScope /Zc:inline /Fo"cmTC_27a2b.dir\Debug\\" /Fd"cmTC_27a2b.dir\Debug\vc140.pdb" /Gd /TC /analyze- /errorReport:queue "C:\Users\fangl\OneDrive\Documents\Code\jansson-2.7\CMakeFiles\CMakeTmp\CheckIncludeFiles.c"
  
  CheckIncludeFiles.c
C:\Users\fangl\OneDrive\Documents\Code\jansson-2.7\CMakeFiles\CMakeTmp\CheckIncludeFiles.c(2): fatal error C1083: Cannot open include file: 'unistd.h': No such file or directory [C:\Users\fangl\OneDrive\Documents\Code\jansson-2.7\CMakeFiles\CMakeTmp\cmTC_27a2b.vcxproj]
Done Building Project "C:\Users\fangl\OneDrive\Documents\Code\jansson-2.7\CMakeFiles\CMakeTmp\cmTC_27a2b.vcxproj" (default targets) -- FAILED.

Build FAILED.

"C:\Users\fangl\OneDrive\Documents\Code\jansson-2.7\CMakeFiles\CMakeTmp\cmTC_27a2b.vcxproj" (default target) (1) ->
(ClCompile target) -> 
  C:\Users\fangl\OneDrive\Documents\Code\jansson-2.7\CMakeFiles\CMakeTmp\CheckIncludeFiles.c(2): fatal error C1083: Cannot open include file: 'unistd.h': No such file or directory [C:\Users\fangl\OneDrive\Documents\Code\jansson-2.7\CMakeFiles\CMakeTmp\cmTC_27a2b.vcxproj]

    0 Warning(s)
    1 Error(s)

Time Elapsed 00:00:01.24

Source:
/* */
#include <unistd.h>


int main(void){return 0;}

Determining if files sys/param.h exist failed with the following output:
Change Dir: C:/Users/fangl/OneDrive/Documents/Code/jansson-2.7/CMakeFiles/CMakeTmp

Run Build Command:"C:/Program Files (x86)/MSBuild/14.0/bin/MSBuild.exe" "cmTC_1bc0b.vcxproj" "/p:Configuration=Debug" "/p:VisualStudioVersion=14.0"
Microsoft (R) Build Engine version 14.0.25123.0
Copyright (C) Microsoft Corporation. All rights reserved.

Build started 4/20/2016 7:51:41 AM.
Project "C:\Users\fangl\OneDrive\Documents\Code\jansson-2.7\CMakeFiles\CMakeTmp\cmTC_1bc0b.vcxproj" on node 1 (default targets).
PrepareForBuild:
  Creating directory "cmTC_1bc0b.dir\Debug\".
  Creating directory "C:\Users\fangl\OneDrive\Documents\Code\jansson-2.7\CMakeFiles\CMakeTmp\Debug\".
  Creating directory "cmTC_1bc0b.dir\Debug\cmTC_1bc0b.tlog\".
InitializeBuildStatus:
  Creating "cmTC_1bc0b.dir\Debug\cmTC_1bc0b.tlog\unsuccessfulbuild" because "AlwaysCreate" was specified.
ClCompile:
  C:\Program Files (x86)\Microsoft Visual Studio 14.0\VC\bin\CL.exe /c /Zi /W3 /WX- /Od /Ob0 /Oy- /D WIN32 /D _WINDOWS /D _DEBUG /D "CMAKE_INTDIR=\"Debug\"" /D _MBCS /Gm- /RTC1 /MDd /GS /fp:precise /Zc:wchar_t /Zc:forScope /Zc:inline /Fo"cmTC_1bc0b.dir\Debug\\" /Fd"cmTC_1bc0b.dir\Debug\vc140.pdb" /Gd /TC /analyze- /errorReport:queue "C:\Users\fangl\OneDrive\Documents\Code\jansson-2.7\CMakeFiles\CMakeTmp\CheckIncludeFiles.c"
  Microsoft (R) C/C++ Optimizing Compiler Version 19.00.23918 for x86
  Copyright (C) Microsoft Corporation.  All rights reserved.
  
  cl /c /Zi /W3 /WX- /Od /Ob0 /Oy- /D WIN32 /D _WINDOWS /D _DEBUG /D "CMAKE_INTDIR=\"Debug\"" /D _MBCS /Gm- /RTC1 /MDd /GS /fp:precise /Zc:wchar_t /Zc:forScope /Zc:inline /Fo"cmTC_1bc0b.dir\Debug\\" /Fd"cmTC_1bc0b.dir\Debug\vc140.pdb" /Gd /TC /analyze- /errorReport:queue "C:\Users\fangl\OneDrive\Documents\Code\jansson-2.7\CMakeFiles\CMakeTmp\CheckIncludeFiles.c"
  
  CheckIncludeFiles.c
C:\Users\fangl\OneDrive\Documents\Code\jansson-2.7\CMakeFiles\CMakeTmp\CheckIncludeFiles.c(2): fatal error C1083: Cannot open include file: 'sys/param.h': No such file or directory [C:\Users\fangl\OneDrive\Documents\Code\jansson-2.7\CMakeFiles\CMakeTmp\cmTC_1bc0b.vcxproj]
Done Building Project "C:\Users\fangl\OneDrive\Documents\Code\jansson-2.7\CMakeFiles\CMakeTmp\cmTC_1bc0b.vcxproj" (default targets) -- FAILED.

Build FAILED.

"C:\Users\fangl\OneDrive\Documents\Code\jansson-2.7\CMakeFiles\CMakeTmp\cmTC_1bc0b.vcxproj" (default target) (1) ->
(ClCompile target) -> 
  C:\Users\fangl\OneDrive\Documents\Code\jansson-2.7\CMakeFiles\CMakeTmp\CheckIncludeFiles.c(2): fatal error C1083: Cannot open include file: 'sys/param.h': No such file or directory [C:\Users\fangl\OneDrive\Documents\Code\jansson-2.7\CMakeFiles\CMakeTmp\cmTC_1bc0b.vcxproj]

    0 Warning(s)
    1 Error(s)

Time Elapsed 00:00:01.32

Source:
/* */
#include <sys/param.h>


int main(void){return 0;}

Determining if files sys/time.h exist failed with the following output:
Change Dir: C:/Users/fangl/OneDrive/Documents/Code/jansson-2.7/CMakeFiles/CMakeTmp

Run Build Command:"C:/Program Files (x86)/MSBuild/14.0/bin/MSBuild.exe" "cmTC_86441.vcxproj" "/p:Configuration=Debug" "/p:VisualStudioVersion=14.0"
Microsoft (R) Build Engine version 14.0.25123.0
Copyright (C) Microsoft Corporation. All rights reserved.

Build started 4/20/2016 7:51:46 AM.
Project "C:\Users\fangl\OneDrive\Documents\Code\jansson-2.7\CMakeFiles\CMakeTmp\cmTC_86441.vcxproj" on node 1 (default targets).
PrepareForBuild:
  Creating directory "cmTC_86441.dir\Debug\".
  Creating directory "C:\Users\fangl\OneDrive\Documents\Code\jansson-2.7\CMakeFiles\CMakeTmp\Debug\".
  Creating directory "cmTC_86441.dir\Debug\cmTC_86441.tlog\".
InitializeBuildStatus:
  Creating "cmTC_86441.dir\Debug\cmTC_86441.tlog\unsuccessfulbuild" because "AlwaysCreate" was specified.
ClCompile:
  C:\Program Files (x86)\Microsoft Visual Studio 14.0\VC\bin\CL.exe /c /Zi /W3 /WX- /Od /Ob0 /Oy- /D WIN32 /D _WINDOWS /D _DEBUG /D "CMAKE_INTDIR=\"Debug\"" /D _MBCS /Gm- /RTC1 /MDd /GS /fp:precise /Zc:wchar_t /Zc:forScope /Zc:inline /Fo"cmTC_86441.dir\Debug\\" /Fd"cmTC_86441.dir\Debug\vc140.pdb" /Gd /TC /analyze- /errorReport:queue "C:\Users\fangl\OneDrive\Documents\Code\jansson-2.7\CMakeFiles\CMakeTmp\CheckIncludeFiles.c"
  Microsoft (R) C/C++ Optimizing Compiler Version 19.00.23918 for x86
  Copyright (C) Microsoft Corporation.  All rights reserved.
  
  cl /c /Zi /W3 /WX- /Od /Ob0 /Oy- /D WIN32 /D _WINDOWS /D _DEBUG /D "CMAKE_INTDIR=\"Debug\"" /D _MBCS /Gm- /RTC1 /MDd /GS /fp:precise /Zc:wchar_t /Zc:forScope /Zc:inline /Fo"cmTC_86441.dir\Debug\\" /Fd"cmTC_86441.dir\Debug\vc140.pdb" /Gd /TC /analyze- /errorReport:queue "C:\Users\fangl\OneDrive\Documents\Code\jansson-2.7\CMakeFiles\CMakeTmp\CheckIncludeFiles.c"
  
  CheckIncludeFiles.c
C:\Users\fangl\OneDrive\Documents\Code\jansson-2.7\CMakeFiles\CMakeTmp\CheckIncludeFiles.c(2): fatal error C1083: Cannot open include file: 'sys/time.h': No such file or directory [C:\Users\fangl\OneDrive\Documents\Code\jansson-2.7\CMakeFiles\CMakeTmp\cmTC_86441.vcxproj]
Done Building Project "C:\Users\fangl\OneDrive\Documents\Code\jansson-2.7\CMakeFiles\CMakeTmp\cmTC_86441.vcxproj" (default targets) -- FAILED.

Build FAILED.

"C:\Users\fangl\OneDrive\Documents\Code\jansson-2.7\CMakeFiles\CMakeTmp\cmTC_86441.vcxproj" (default target) (1) ->
(ClCompile target) -> 
  C:\Users\fangl\OneDrive\Documents\Code\jansson-2.7\CMakeFiles\CMakeTmp\CheckIncludeFiles.c(2): fatal error C1083: Cannot open include file: 'sys/time.h': No such file or directory [C:\Users\fangl\OneDrive\Documents\Code\jansson-2.7\CMakeFiles\CMakeTmp\cmTC_86441.vcxproj]

    0 Warning(s)
    1 Error(s)

Time Elapsed 00:00:01.31

Source:
/* */
#include <sys/time.h>


int main(void){return 0;}

Determining if files sys/time.h exist failed with the following output:
Change Dir: C:/Users/fangl/OneDrive/Documents/Code/jansson-2.7/CMakeFiles/CMakeTmp

Run Build Command:"C:/Program Files (x86)/MSBuild/14.0/bin/MSBuild.exe" "cmTC_35262.vcxproj" "/p:Configuration=Debug" "/p:VisualStudioVersion=14.0"
Microsoft (R) Build Engine version 14.0.25123.0
Copyright (C) Microsoft Corporation. All rights reserved.

Build started 4/20/2016 7:51:48 AM.
Project "C:\Users\fangl\OneDrive\Documents\Code\jansson-2.7\CMakeFiles\CMakeTmp\cmTC_35262.vcxproj" on node 1 (default targets).
PrepareForBuild:
  Creating directory "cmTC_35262.dir\Debug\".
  Creating directory "C:\Users\fangl\OneDrive\Documents\Code\jansson-2.7\CMakeFiles\CMakeTmp\Debug\".
  Creating directory "cmTC_35262.dir\Debug\cmTC_35262.tlog\".
InitializeBuildStatus:
  Creating "cmTC_35262.dir\Debug\cmTC_35262.tlog\unsuccessfulbuild" because "AlwaysCreate" was specified.
ClCompile:
  C:\Program Files (x86)\Microsoft Visual Studio 14.0\VC\bin\CL.exe /c /Zi /W3 /WX- /Od /Ob0 /Oy- /D WIN32 /D _WINDOWS /D _DEBUG /D "CMAKE_INTDIR=\"Debug\"" /D _MBCS /Gm- /RTC1 /MDd /GS /fp:precise /Zc:wchar_t /Zc:forScope /Zc:inline /Fo"cmTC_35262.dir\Debug\\" /Fd"cmTC_35262.dir\Debug\vc140.pdb" /Gd /TC /analyze- /errorReport:queue "C:\Users\fangl\OneDrive\Documents\Code\jansson-2.7\CMakeFiles\CMakeTmp\CheckIncludeFiles.c"
  Microsoft (R) C/C++ Optimizing Compiler Version 19.00.23918 for x86
  Copyright (C) Microsoft Corporation.  All rights reserved.
  
  cl /c /Zi /W3 /WX- /Od /Ob0 /Oy- /D WIN32 /D _WINDOWS /D _DEBUG /D "CMAKE_INTDIR=\"Debug\"" /D _MBCS /Gm- /RTC1 /MDd /GS /fp:precise /Zc:wchar_t /Zc:forScope /Zc:inline /Fo"cmTC_35262.dir\Debug\\" /Fd"cmTC_35262.dir\Debug\vc140.pdb" /Gd /TC /analyze- /errorReport:queue "C:\Users\fangl\OneDrive\Documents\Code\jansson-2.7\CMakeFiles\CMakeTmp\CheckIncludeFiles.c"
  
  CheckIncludeFiles.c
C:\Users\fangl\OneDrive\Documents\Code\jansson-2.7\CMakeFiles\CMakeTmp\CheckIncludeFiles.c(2): fatal error C1083: Cannot open include file: 'sys/time.h': No such file or directory [C:\Users\fangl\OneDrive\Documents\Code\jansson-2.7\CMakeFiles\CMakeTmp\cmTC_35262.vcxproj]
Done Building Project "C:\Users\fangl\OneDrive\Documents\Code\jansson-2.7\CMakeFiles\CMakeTmp\cmTC_35262.vcxproj" (default targets) -- FAILED.

Build FAILED.

"C:\Users\fangl\OneDrive\Documents\Code\jansson-2.7\CMakeFiles\CMakeTmp\cmTC_35262.vcxproj" (default target) (1) ->
(ClCompile target) -> 
  C:\Users\fangl\OneDrive\Documents\Code\jansson-2.7\CMakeFiles\CMakeTmp\CheckIncludeFiles.c(2): fatal error C1083: Cannot open include file: 'sys/time.h': No such file or directory [C:\Users\fangl\OneDrive\Documents\Code\jansson-2.7\CMakeFiles\CMakeTmp\cmTC_35262.vcxproj]

    0 Warning(s)
    1 Error(s)

Time Elapsed 00:00:01.32

Source:
/* */
#include <sys/time.h>


int main(void){return 0;}

Determining if the function gettimeofday exists failed with the following output:
Change Dir: C:/Users/fangl/OneDrive/Documents/Code/jansson-2.7/CMakeFiles/CMakeTmp

Run Build Command:"C:/Program Files (x86)/MSBuild/14.0/bin/MSBuild.exe" "cmTC_9f0aa.vcxproj" "/p:Configuration=Debug" "/p:VisualStudioVersion=14.0"
Microsoft (R) Build Engine version 14.0.25123.0
Copyright (C) Microsoft Corporation. All rights reserved.

Build started 4/20/2016 7:51:55 AM.
Project "C:\Users\fangl\OneDrive\Documents\Code\jansson-2.7\CMakeFiles\CMakeTmp\cmTC_9f0aa.vcxproj" on node 1 (default targets).
PrepareForBuild:
  Creating directory "cmTC_9f0aa.dir\Debug\".
  Creating directory "C:\Users\fangl\OneDrive\Documents\Code\jansson-2.7\CMakeFiles\CMakeTmp\Debug\".
  Creating directory "cmTC_9f0aa.dir\Debug\cmTC_9f0aa.tlog\".
InitializeBuildStatus:
  Creating "cmTC_9f0aa.dir\Debug\cmTC_9f0aa.tlog\unsuccessfulbuild" because "AlwaysCreate" was specified.
ClCompile:
  C:\Program Files (x86)\Microsoft Visual Studio 14.0\VC\bin\CL.exe /c /Zi /W3 /WX- /Od /Ob0 /Oy- /D WIN32 /D _WINDOWS /D CHECK_FUNCTION_EXISTS=gettimeofday /D _DEBUG /D "CMAKE_INTDIR=\"Debug\"" /D _MBCS /Gm- /RTC1 /MDd /GS /fp:precise /Zc:wchar_t /Zc:forScope /Zc:inline /Fo"cmTC_9f0aa.dir\Debug\\" /Fd"cmTC_9f0aa.dir\Debug\vc140.pdb" /Gd /TC /analyze- /errorReport:queue "C:\Program Files (x86)\CMake\share\cmake-3.5\Modules\CheckFunctionExists.c"
  Microsoft (R) C/C++ Optimizing Compiler Version 19.00.23918 for x86
  Copyright (C) Microsoft Corporation.  All rights reserved.
  
  cl /c /Zi /W3 /WX- /Od /Ob0 /Oy- /D WIN32 /D _WINDOWS /D CHECK_FUNCTION_EXISTS=gettimeofday /D _DEBUG /D "CMAKE_INTDIR=\"Debug\"" /D _MBCS /Gm- /RTC1 /MDd /GS /fp:precise /Zc:wchar_t /Zc:forScope /Zc:inline /Fo"cmTC_9f0aa.dir\Debug\\" /Fd"cmTC_9f0aa.dir\Debug\vc140.pdb" /Gd /TC /analyze- /errorReport:queue "C:\Program Files (x86)\CMake\share\cmake-3.5\Modules\CheckFunctionExists.c"
  
  CheckFunctionExists.c
Link:
  C:\Program Files (x86)\Microsoft Visual Studio 14.0\VC\bin\link.exe /ERRORREPORT:QUEUE /OUT:"C:\Users\fangl\OneDrive\Documents\Code\jansson-2.7\CMakeFiles\CMakeTmp\Debug\cmTC_9f0aa.exe" /INCREMENTAL /NOLOGO kernel32.lib user32.lib gdi32.lib winspool.lib shell32.lib ole32.lib oleaut32.lib uuid.lib comdlg32.lib advapi32.lib /MANIFEST /MANIFESTUAC:"level='asInvoker' uiAccess='false'" /manifest:embed /DEBUG /PDB:"C:/Users/fangl/OneDrive/Documents/Code/jansson-2.7/CMakeFiles/CMakeTmp/Debug/cmTC_9f0aa.pdb" /SUBSYSTEM:CONSOLE /TLBID:1 /DYNAMICBASE /NXCOMPAT /IMPLIB:"C:/Users/fangl/OneDrive/Documents/Code/jansson-2.7/CMakeFiles/CMakeTmp/Debug/cmTC_9f0aa.lib" /MACHINE:X86 /SAFESEH  /machine:X86 cmTC_9f0aa.dir\Debug\CheckFunctionExists.obj
CheckFunctionExists.obj : error LNK2019: unresolved external symbol _gettimeofday referenced in function _main [C:\Users\fangl\OneDrive\Documents\Code\jansson-2.7\CMakeFiles\CMakeTmp\cmTC_9f0aa.vcxproj]
C:\Users\fangl\OneDrive\Documents\Code\jansson-2.7\CMakeFiles\CMakeTmp\Debug\cmTC_9f0aa.exe : fatal error LNK1120: 1 unresolved externals [C:\Users\fangl\OneDrive\Documents\Code\jansson-2.7\CMakeFiles\CMakeTmp\cmTC_9f0aa.vcxproj]
Done Building Project "C:\Users\fangl\OneDrive\Documents\Code\jansson-2.7\CMakeFiles\CMakeTmp\cmTC_9f0aa.vcxproj" (default targets) -- FAILED.

Build FAILED.

"C:\Users\fangl\OneDrive\Documents\Code\jansson-2.7\CMakeFiles\CMakeTmp\cmTC_9f0aa.vcxproj" (default target) (1) ->
(Link target) -> 
  CheckFunctionExists.obj : error LNK2019: unresolved external symbol _gettimeofday referenced in function _main [C:\Users\fangl\OneDrive\Documents\Code\jansson-2.7\CMakeFiles\CMakeTmp\cmTC_9f0aa.vcxproj]
  C:\Users\fangl\OneDrive\Documents\Code\jansson-2.7\CMakeFiles\CMakeTmp\Debug\cmTC_9f0aa.exe : fatal error LNK1120: 1 unresolved externals [C:\Users\fangl\OneDrive\Documents\Code\jansson-2.7\CMakeFiles\CMakeTmp\cmTC_9f0aa.vcxproj]

    0 Warning(s)
    2 Error(s)

Time Elapsed 00:00:01.67


Determining if the function sched_yield exists failed with the following output:
Change Dir: C:/Users/fangl/OneDrive/Documents/Code/jansson-2.7/CMakeFiles/CMakeTmp

Run Build Command:"C:/Program Files (x86)/MSBuild/14.0/bin/MSBuild.exe" "cmTC_cc7bc.vcxproj" "/p:Configuration=Debug" "/p:VisualStudioVersion=14.0"
Microsoft (R) Build Engine version 14.0.25123.0
Copyright (C) Microsoft Corporation. All rights reserved.

Build started 4/20/2016 7:52:02 AM.
Project "C:\Users\fangl\OneDrive\Documents\Code\jansson-2.7\CMakeFiles\CMakeTmp\cmTC_cc7bc.vcxproj" on node 1 (default targets).
PrepareForBuild:
  Creating directory "cmTC_cc7bc.dir\Debug\".
  Creating directory "C:\Users\fangl\OneDrive\Documents\Code\jansson-2.7\CMakeFiles\CMakeTmp\Debug\".
  Creating directory "cmTC_cc7bc.dir\Debug\cmTC_cc7bc.tlog\".
InitializeBuildStatus:
  Creating "cmTC_cc7bc.dir\Debug\cmTC_cc7bc.tlog\unsuccessfulbuild" because "AlwaysCreate" was specified.
ClCompile:
  C:\Program Files (x86)\Microsoft Visual Studio 14.0\VC\bin\CL.exe /c /Zi /W3 /WX- /Od /Ob0 /Oy- /D WIN32 /D _WINDOWS /D CHECK_FUNCTION_EXISTS=sched_yield /D _DEBUG /D "CMAKE_INTDIR=\"Debug\"" /D _MBCS /Gm- /RTC1 /MDd /GS /fp:precise /Zc:wchar_t /Zc:forScope /Zc:inline /Fo"cmTC_cc7bc.dir\Debug\\" /Fd"cmTC_cc7bc.dir\Debug\vc140.pdb" /Gd /TC /analyze- /errorReport:queue "C:\Program Files (x86)\CMake\share\cmake-3.5\Modules\CheckFunctionExists.c"
  Microsoft (R) C/C++ Optimizing Compiler Version 19.00.23918 for x86
  Copyright (C) Microsoft Corporation.  All rights reserved.
  
  cl /c /Zi /W3 /WX- /Od /Ob0 /Oy- /D WIN32 /D _WINDOWS /D CHECK_FUNCTION_EXISTS=sched_yield /D _DEBUG /D "CMAKE_INTDIR=\"Debug\"" /D _MBCS /Gm- /RTC1 /MDd /GS /fp:precise /Zc:wchar_t /Zc:forScope /Zc:inline /Fo"cmTC_cc7bc.dir\Debug\\" /Fd"cmTC_cc7bc.dir\Debug\vc140.pdb" /Gd /TC /analyze- /errorReport:queue "C:\Program Files (x86)\CMake\share\cmake-3.5\Modules\CheckFunctionExists.c"
  
  CheckFunctionExists.c
Link:
  C:\Program Files (x86)\Microsoft Visual Studio 14.0\VC\bin\link.exe /ERRORREPORT:QUEUE /OUT:"C:\Users\fangl\OneDrive\Documents\Code\jansson-2.7\CMakeFiles\CMakeTmp\Debug\cmTC_cc7bc.exe" /INCREMENTAL /NOLOGO kernel32.lib user32.lib gdi32.lib winspool.lib shell32.lib ole32.lib oleaut32.lib uuid.lib comdlg32.lib advapi32.lib /MANIFEST /MANIFESTUAC:"level='asInvoker' uiAccess='false'" /manifest:embed /DEBUG /PDB:"C:/Users/fangl/OneDrive/Documents/Code/jansson-2.7/CMakeFiles/CMakeTmp/Debug/cmTC_cc7bc.pdb" /SUBSYSTEM:CONSOLE /TLBID:1 /DYNAMICBASE /NXCOMPAT /IMPLIB:"C:/Users/fangl/OneDrive/Documents/Code/jansson-2.7/CMakeFiles/CMakeTmp/Debug/cmTC_cc7bc.lib" /MACHINE:X86 /SAFESEH  /machine:X86 cmTC_cc7bc.dir\Debug\CheckFunctionExists.obj
CheckFunctionExists.obj : error LNK2019: unresolved external symbol _sched_yield referenced in function _main [C:\Users\fangl\OneDrive\Documents\Code\jansson-2.7\CMakeFiles\CMakeTmp\cmTC_cc7bc.vcxproj]
C:\Users\fangl\OneDrive\Documents\Code\jansson-2.7\CMakeFiles\CMakeTmp\Debug\cmTC_cc7bc.exe : fatal error LNK1120: 1 unresolved externals [C:\Users\fangl\OneDrive\Documents\Code\jansson-2.7\CMakeFiles\CMakeTmp\cmTC_cc7bc.vcxproj]
Done Building Project "C:\Users\fangl\OneDrive\Documents\Code\jansson-2.7\CMakeFiles\CMakeTmp\cmTC_cc7bc.vcxproj" (default targets) -- FAILED.

Build FAILED.

"C:\Users\fangl\OneDrive\Documents\Code\jansson-2.7\CMakeFiles\CMakeTmp\cmTC_cc7bc.vcxproj" (default target) (1) ->
(Link target) -> 
  CheckFunctionExists.obj : error LNK2019: unresolved external symbol _sched_yield referenced in function _main [C:\Users\fangl\OneDrive\Documents\Code\jansson-2.7\CMakeFiles\CMakeTmp\cmTC_cc7bc.vcxproj]
  C:\Users\fangl\OneDrive\Documents\Code\jansson-2.7\CMakeFiles\CMakeTmp\Debug\cmTC_cc7bc.exe : fatal error LNK1120: 1 unresolved externals [C:\Users\fangl\OneDrive\Documents\Code\jansson-2.7\CMakeFiles\CMakeTmp\cmTC_cc7bc.vcxproj]

    0 Warning(s)
    2 Error(s)

Time Elapsed 00:00:01.67


Determining size of __uint32 failed with the following output:
Change Dir: C:/Users/fangl/OneDrive/Documents/Code/jansson-2.7/CMakeFiles/CMakeTmp

Run Build Command:"C:/Program Files (x86)/MSBuild/14.0/bin/MSBuild.exe" "cmTC_a9266.vcxproj" "/p:Configuration=Debug" "/p:VisualStudioVersion=14.0"
Microsoft (R) Build Engine version 14.0.25123.0
Copyright (C) Microsoft Corporation. All rights reserved.

Build started 4/20/2016 7:52:41 AM.
Project "C:\Users\fangl\OneDrive\Documents\Code\jansson-2.7\CMakeFiles\CMakeTmp\cmTC_a9266.vcxproj" on node 1 (default targets).
PrepareForBuild:
  Creating directory "cmTC_a9266.dir\Debug\".
  Creating directory "C:\Users\fangl\OneDrive\Documents\Code\jansson-2.7\CMakeFiles\CMakeTmp\Debug\".
  Creating directory "cmTC_a9266.dir\Debug\cmTC_a9266.tlog\".
InitializeBuildStatus:
  Creating "cmTC_a9266.dir\Debug\cmTC_a9266.tlog\unsuccessfulbuild" because "AlwaysCreate" was specified.
ClCompile:
  C:\Program Files (x86)\Microsoft Visual Studio 14.0\VC\bin\CL.exe /c /Zi /W3 /WX- /Od /Ob0 /Oy- /D WIN32 /D _WINDOWS /D _DEBUG /D "CMAKE_INTDIR=\"Debug\"" /D _MBCS /Gm- /RTC1 /MDd /GS /fp:precise /Zc:wchar_t /Zc:forScope /Zc:inline /Fo"cmTC_a9266.dir\Debug\\" /Fd"cmTC_a9266.dir\Debug\vc140.pdb" /Gd /TC /analyze- /errorReport:queue "C:\Users\fangl\OneDrive\Documents\Code\jansson-2.7\CMakeFiles\CheckTypeSize\__UINT32.c"
  Microsoft (R) C/C++ Optimizing Compiler Version 19.00.23918 for x86
  Copyright (C) Microsoft Corporation.  All rights reserved.
  
  cl /c /Zi /W3 /WX- /Od /Ob0 /Oy- /D WIN32 /D _WINDOWS /D _DEBUG /D "CMAKE_INTDIR=\"Debug\"" /D _MBCS /Gm- /RTC1 /MDd /GS /fp:precise /Zc:wchar_t /Zc:forScope /Zc:inline /Fo"cmTC_a9266.dir\Debug\\" /Fd"cmTC_a9266.dir\Debug\vc140.pdb" /Gd /TC /analyze- /errorReport:queue "C:\Users\fangl\OneDrive\Documents\Code\jansson-2.7\CMakeFiles\CheckTypeSize\__UINT32.c"
  
  __UINT32.c
C:\Users\fangl\OneDrive\Documents\Code\jansson-2.7\CMakeFiles\CheckTypeSize\__UINT32.c(18): error C2065: '__uint32': undeclared identifier [C:\Users\fangl\OneDrive\Documents\Code\jansson-2.7\CMakeFiles\CMakeTmp\cmTC_a9266.vcxproj]
C:\Users\fangl\OneDrive\Documents\Code\jansson-2.7\CMakeFiles\CheckTypeSize\__UINT32.c(19): error C2065: '__uint32': undeclared identifier [C:\Users\fangl\OneDrive\Documents\Code\jansson-2.7\CMakeFiles\CMakeTmp\cmTC_a9266.vcxproj]
C:\Users\fangl\OneDrive\Documents\Code\jansson-2.7\CMakeFiles\CheckTypeSize\__UINT32.c(20): error C2065: '__uint32': undeclared identifier [C:\Users\fangl\OneDrive\Documents\Code\jansson-2.7\CMakeFiles\CMakeTmp\cmTC_a9266.vcxproj]
C:\Users\fangl\OneDrive\Documents\Code\jansson-2.7\CMakeFiles\CheckTypeSize\__UINT32.c(21): error C2065: '__uint32': undeclared identifier [C:\Users\fangl\OneDrive\Documents\Code\jansson-2.7\CMakeFiles\CMakeTmp\cmTC_a9266.vcxproj]
C:\Users\fangl\OneDrive\Documents\Code\jansson-2.7\CMakeFiles\CheckTypeSize\__UINT32.c(22): error C2065: '__uint32': undeclared identifier [C:\Users\fangl\OneDrive\Documents\Code\jansson-2.7\CMakeFiles\CMakeTmp\cmTC_a9266.vcxproj]
Done Building Project "C:\Users\fangl\OneDrive\Documents\Code\jansson-2.7\CMakeFiles\CMakeTmp\cmTC_a9266.vcxproj" (default targets) -- FAILED.

Build FAILED.

"C:\Users\fangl\OneDrive\Documents\Code\jansson-2.7\CMakeFiles\CMakeTmp\cmTC_a9266.vcxproj" (default target) (1) ->
(ClCompile target) -> 
  C:\Users\fangl\OneDrive\Documents\Code\jansson-2.7\CMakeFiles\CheckTypeSize\__UINT32.c(18): error C2065: '__uint32': undeclared identifier [C:\Users\fangl\OneDrive\Documents\Code\jansson-2.7\CMakeFiles\CMakeTmp\cmTC_a9266.vcxproj]
  C:\Users\fangl\OneDrive\Documents\Code\jansson-2.7\CMakeFiles\CheckTypeSize\__UINT32.c(19): error C2065: '__uint32': undeclared identifier [C:\Users\fangl\OneDrive\Documents\Code\jansson-2.7\CMakeFiles\CMakeTmp\cmTC_a9266.vcxproj]
  C:\Users\fangl\OneDrive\Documents\Code\jansson-2.7\CMakeFiles\CheckTypeSize\__UINT32.c(20): error C2065: '__uint32': undeclared identifier [C:\Users\fangl\OneDrive\Documents\Code\jansson-2.7\CMakeFiles\CMakeTmp\cmTC_a9266.vcxproj]
  C:\Users\fangl\OneDrive\Documents\Code\jansson-2.7\CMakeFiles\CheckTypeSize\__UINT32.c(21): error C2065: '__uint32': undeclared identifier [C:\Users\fangl\OneDrive\Documents\Code\jansson-2.7\CMakeFiles\CMakeTmp\cmTC_a9266.vcxproj]
  C:\Users\fangl\OneDrive\Documents\Code\jansson-2.7\CMakeFiles\CheckTypeSize\__UINT32.c(22): error C2065: '__uint32': undeclared identifier [C:\Users\fangl\OneDrive\Documents\Code\jansson-2.7\CMakeFiles\CMakeTmp\cmTC_a9266.vcxproj]

    0 Warning(s)
    5 Error(s)

Time Elapsed 00:00:01.43

C:/Users/fangl/OneDrive/Documents/Code/jansson-2.7/CMakeFiles/CheckTypeSize/__UINT32.c:
#include <stdint.h>
#include <stddef.h>


#undef KEY
#if defined(__i386)
# define KEY '_','_','i','3','8','6'
#elif defined(__x86_64)
# define KEY '_','_','x','8','6','_','6','4'
#elif defined(__ppc__)
# define KEY '_','_','p','p','c','_','_'
#elif defined(__ppc64__)
# define KEY '_','_','p','p','c','6','4','_','_'
#endif

#define SIZE (sizeof(__uint32))
char info_size[] =  {'I', 'N', 'F', 'O', ':', 's','i','z','e','[',
  ('0' + ((SIZE / 10000)%10)),
  ('0' + ((SIZE / 1000)%10)),
  ('0' + ((SIZE / 100)%10)),
  ('0' + ((SIZE / 10)%10)),
  ('0' +  (SIZE    % 10)),
  ']',
#ifdef KEY
  ' ','k','e','y','[', KEY, ']',
#endif
  '\0'};

#ifdef __CLASSIC_C__
int main(argc, argv) int argc; char *argv[];
#else
int main(int argc, char *argv[])
#endif
{
  int require = 0;
  require += info_size[argc];
  (void)argv;
  return require;
}


Determining size of __uint16 failed with the following output:
Change Dir: C:/Users/fangl/OneDrive/Documents/Code/jansson-2.7/CMakeFiles/CMakeTmp

Run Build Command:"C:/Program Files (x86)/MSBuild/14.0/bin/MSBuild.exe" "cmTC_8ed37.vcxproj" "/p:Configuration=Debug" "/p:VisualStudioVersion=14.0"
Microsoft (R) Build Engine version 14.0.25123.0
Copyright (C) Microsoft Corporation. All rights reserved.

Build started 4/20/2016 7:52:46 AM.
Project "C:\Users\fangl\OneDrive\Documents\Code\jansson-2.7\CMakeFiles\CMakeTmp\cmTC_8ed37.vcxproj" on node 1 (default targets).
PrepareForBuild:
  Creating directory "cmTC_8ed37.dir\Debug\".
  Creating directory "C:\Users\fangl\OneDrive\Documents\Code\jansson-2.7\CMakeFiles\CMakeTmp\Debug\".
  Creating directory "cmTC_8ed37.dir\Debug\cmTC_8ed37.tlog\".
InitializeBuildStatus:
  Creating "cmTC_8ed37.dir\Debug\cmTC_8ed37.tlog\unsuccessfulbuild" because "AlwaysCreate" was specified.
ClCompile:
  C:\Program Files (x86)\Microsoft Visual Studio 14.0\VC\bin\CL.exe /c /Zi /W3 /WX- /Od /Ob0 /Oy- /D WIN32 /D _WINDOWS /D _DEBUG /D "CMAKE_INTDIR=\"Debug\"" /D _MBCS /Gm- /RTC1 /MDd /GS /fp:precise /Zc:wchar_t /Zc:forScope /Zc:inline /Fo"cmTC_8ed37.dir\Debug\\" /Fd"cmTC_8ed37.dir\Debug\vc140.pdb" /Gd /TC /analyze- /errorReport:queue "C:\Users\fangl\OneDrive\Documents\Code\jansson-2.7\CMakeFiles\CheckTypeSize\__UINT16.c"
  Microsoft (R) C/C++ Optimizing Compiler Version 19.00.23918 for x86
  Copyright (C) Microsoft Corporation.  All rights reserved.
  
  cl /c /Zi /W3 /WX- /Od /Ob0 /Oy- /D WIN32 /D _WINDOWS /D _DEBUG /D "CMAKE_INTDIR=\"Debug\"" /D _MBCS /Gm- /RTC1 /MDd /GS /fp:precise /Zc:wchar_t /Zc:forScope /Zc:inline /Fo"cmTC_8ed37.dir\Debug\\" /Fd"cmTC_8ed37.dir\Debug\vc140.pdb" /Gd /TC /analyze- /errorReport:queue "C:\Users\fangl\OneDrive\Documents\Code\jansson-2.7\CMakeFiles\CheckTypeSize\__UINT16.c"
  
  __UINT16.c
C:\Users\fangl\OneDrive\Documents\Code\jansson-2.7\CMakeFiles\CheckTypeSize\__UINT16.c(18): error C2065: '__uint16': undeclared identifier [C:\Users\fangl\OneDrive\Documents\Code\jansson-2.7\CMakeFiles\CMakeTmp\cmTC_8ed37.vcxproj]
C:\Users\fangl\OneDrive\Documents\Code\jansson-2.7\CMakeFiles\CheckTypeSize\__UINT16.c(19): error C2065: '__uint16': undeclared identifier [C:\Users\fangl\OneDrive\Documents\Code\jansson-2.7\CMakeFiles\CMakeTmp\cmTC_8ed37.vcxproj]
C:\Users\fangl\OneDrive\Documents\Code\jansson-2.7\CMakeFiles\CheckTypeSize\__UINT16.c(20): error C2065: '__uint16': undeclared identifier [C:\Users\fangl\OneDrive\Documents\Code\jansson-2.7\CMakeFiles\CMakeTmp\cmTC_8ed37.vcxproj]
C:\Users\fangl\OneDrive\Documents\Code\jansson-2.7\CMakeFiles\CheckTypeSize\__UINT16.c(21): error C2065: '__uint16': undeclared identifier [C:\Users\fangl\OneDrive\Documents\Code\jansson-2.7\CMakeFiles\CMakeTmp\cmTC_8ed37.vcxproj]
C:\Users\fangl\OneDrive\Documents\Code\jansson-2.7\CMakeFiles\CheckTypeSize\__UINT16.c(22): error C2065: '__uint16': undeclared identifier [C:\Users\fangl\OneDrive\Documents\Code\jansson-2.7\CMakeFiles\CMakeTmp\cmTC_8ed37.vcxproj]
Done Building Project "C:\Users\fangl\OneDrive\Documents\Code\jansson-2.7\CMakeFiles\CMakeTmp\cmTC_8ed37.vcxproj" (default targets) -- FAILED.

Build FAILED.

"C:\Users\fangl\OneDrive\Documents\Code\jansson-2.7\CMakeFiles\CMakeTmp\cmTC_8ed37.vcxproj" (default target) (1) ->
(ClCompile target) -> 
  C:\Users\fangl\OneDrive\Documents\Code\jansson-2.7\CMakeFiles\CheckTypeSize\__UINT16.c(18): error C2065: '__uint16': undeclared identifier [C:\Users\fangl\OneDrive\Documents\Code\jansson-2.7\CMakeFiles\CMakeTmp\cmTC_8ed37.vcxproj]
  C:\Users\fangl\OneDrive\Documents\Code\jansson-2.7\CMakeFiles\CheckTypeSize\__UINT16.c(19): error C2065: '__uint16': undeclared identifier [C:\Users\fangl\OneDrive\Documents\Code\jansson-2.7\CMakeFiles\CMakeTmp\cmTC_8ed37.vcxproj]
  C:\Users\fangl\OneDrive\Documents\Code\jansson-2.7\CMakeFiles\CheckTypeSize\__UINT16.c(20): error C2065: '__uint16': undeclared identifier [C:\Users\fangl\OneDrive\Documents\Code\jansson-2.7\CMakeFiles\CMakeTmp\cmTC_8ed37.vcxproj]
  C:\Users\fangl\OneDrive\Documents\Code\jansson-2.7\CMakeFiles\CheckTypeSize\__UINT16.c(21): error C2065: '__uint16': undeclared identifier [C:\Users\fangl\OneDrive\Documents\Code\jansson-2.7\CMakeFiles\CMakeTmp\cmTC_8ed37.vcxproj]
  C:\Users\fangl\OneDrive\Documents\Code\jansson-2.7\CMakeFiles\CheckTypeSize\__UINT16.c(22): error C2065: '__uint16': undeclared identifier [C:\Users\fangl\OneDrive\Documents\Code\jansson-2.7\CMakeFiles\CMakeTmp\cmTC_8ed37.vcxproj]

    0 Warning(s)
    5 Error(s)

Time Elapsed 00:00:01.34

C:/Users/fangl/OneDrive/Documents/Code/jansson-2.7/CMakeFiles/CheckTypeSize/__UINT16.c:
#include <stdint.h>
#include <stddef.h>


#undef KEY
#if defined(__i386)
# define KEY '_','_','i','3','8','6'
#elif defined(__x86_64)
# define KEY '_','_','x','8','6','_','6','4'
#elif defined(__ppc__)
# define KEY '_','_','p','p','c','_','_'
#elif defined(__ppc64__)
# define KEY '_','_','p','p','c','6','4','_','_'
#endif

#define SIZE (sizeof(__uint16))
char info_size[] =  {'I', 'N', 'F', 'O', ':', 's','i','z','e','[',
  ('0' + ((SIZE / 10000)%10)),
  ('0' + ((SIZE / 1000)%10)),
  ('0' + ((SIZE / 100)%10)),
  ('0' + ((SIZE / 10)%10)),
  ('0' +  (SIZE    % 10)),
  ']',
#ifdef KEY
  ' ','k','e','y','[', KEY, ']',
#endif
  '\0'};

#ifdef __CLASSIC_C__
int main(argc, argv) int argc; char *argv[];
#else
int main(int argc, char *argv[])
#endif
{
  int require = 0;
  require += info_size[argc];
  (void)argv;
  return require;
}


Determining size of __uint8 failed with the following output:
Change Dir: C:/Users/fangl/OneDrive/Documents/Code/jansson-2.7/CMakeFiles/CMakeTmp

Run Build Command:"C:/Program Files (x86)/MSBuild/14.0/bin/MSBuild.exe" "cmTC_1914d.vcxproj" "/p:Configuration=Debug" "/p:VisualStudioVersion=14.0"
Microsoft (R) Build Engine version 14.0.25123.0
Copyright (C) Microsoft Corporation. All rights reserved.

Build started 4/20/2016 7:52:51 AM.
Project "C:\Users\fangl\OneDrive\Documents\Code\jansson-2.7\CMakeFiles\CMakeTmp\cmTC_1914d.vcxproj" on node 1 (default targets).
PrepareForBuild:
  Creating directory "cmTC_1914d.dir\Debug\".
  Creating directory "C:\Users\fangl\OneDrive\Documents\Code\jansson-2.7\CMakeFiles\CMakeTmp\Debug\".
  Creating directory "cmTC_1914d.dir\Debug\cmTC_1914d.tlog\".
InitializeBuildStatus:
  Creating "cmTC_1914d.dir\Debug\cmTC_1914d.tlog\unsuccessfulbuild" because "AlwaysCreate" was specified.
ClCompile:
  C:\Program Files (x86)\Microsoft Visual Studio 14.0\VC\bin\CL.exe /c /Zi /W3 /WX- /Od /Ob0 /Oy- /D WIN32 /D _WINDOWS /D _DEBUG /D "CMAKE_INTDIR=\"Debug\"" /D _MBCS /Gm- /RTC1 /MDd /GS /fp:precise /Zc:wchar_t /Zc:forScope /Zc:inline /Fo"cmTC_1914d.dir\Debug\\" /Fd"cmTC_1914d.dir\Debug\vc140.pdb" /Gd /TC /analyze- /errorReport:queue "C:\Users\fangl\OneDrive\Documents\Code\jansson-2.7\CMakeFiles\CheckTypeSize\__UINT8.c"
  Microsoft (R) C/C++ Optimizing Compiler Version 19.00.23918 for x86
  Copyright (C) Microsoft Corporation.  All rights reserved.
  
  cl /c /Zi /W3 /WX- /Od /Ob0 /Oy- /D WIN32 /D _WINDOWS /D _DEBUG /D "CMAKE_INTDIR=\"Debug\"" /D _MBCS /Gm- /RTC1 /MDd /GS /fp:precise /Zc:wchar_t /Zc:forScope /Zc:inline /Fo"cmTC_1914d.dir\Debug\\" /Fd"cmTC_1914d.dir\Debug\vc140.pdb" /Gd /TC /analyze- /errorReport:queue "C:\Users\fangl\OneDrive\Documents\Code\jansson-2.7\CMakeFiles\CheckTypeSize\__UINT8.c"
  
  __UINT8.c
C:\Users\fangl\OneDrive\Documents\Code\jansson-2.7\CMakeFiles\CheckTypeSize\__UINT8.c(18): error C2065: '__uint8': undeclared identifier [C:\Users\fangl\OneDrive\Documents\Code\jansson-2.7\CMakeFiles\CMakeTmp\cmTC_1914d.vcxproj]
C:\Users\fangl\OneDrive\Documents\Code\jansson-2.7\CMakeFiles\CheckTypeSize\__UINT8.c(19): error C2065: '__uint8': undeclared identifier [C:\Users\fangl\OneDrive\Documents\Code\jansson-2.7\CMakeFiles\CMakeTmp\cmTC_1914d.vcxproj]
C:\Users\fangl\OneDrive\Documents\Code\jansson-2.7\CMakeFiles\CheckTypeSize\__UINT8.c(20): error C2065: '__uint8': undeclared identifier [C:\Users\fangl\OneDrive\Documents\Code\jansson-2.7\CMakeFiles\CMakeTmp\cmTC_1914d.vcxproj]
C:\Users\fangl\OneDrive\Documents\Code\jansson-2.7\CMakeFiles\CheckTypeSize\__UINT8.c(21): error C2065: '__uint8': undeclared identifier [C:\Users\fangl\OneDrive\Documents\Code\jansson-2.7\CMakeFiles\CMakeTmp\cmTC_1914d.vcxproj]
C:\Users\fangl\OneDrive\Documents\Code\jansson-2.7\CMakeFiles\CheckTypeSize\__UINT8.c(22): error C2065: '__uint8': undeclared identifier [C:\Users\fangl\OneDrive\Documents\Code\jansson-2.7\CMakeFiles\CMakeTmp\cmTC_1914d.vcxproj]
Done Building Project "C:\Users\fangl\OneDrive\Documents\Code\jansson-2.7\CMakeFiles\CMakeTmp\cmTC_1914d.vcxproj" (default targets) -- FAILED.

Build FAILED.

"C:\Users\fangl\OneDrive\Documents\Code\jansson-2.7\CMakeFiles\CMakeTmp\cmTC_1914d.vcxproj" (default target) (1) ->
(ClCompile target) -> 
  C:\Users\fangl\OneDrive\Documents\Code\jansson-2.7\CMakeFiles\CheckTypeSize\__UINT8.c(18): error C2065: '__uint8': undeclared identifier [C:\Users\fangl\OneDrive\Documents\Code\jansson-2.7\CMakeFiles\CMakeTmp\cmTC_1914d.vcxproj]
  C:\Users\fangl\OneDrive\Documents\Code\jansson-2.7\CMakeFiles\CheckTypeSize\__UINT8.c(19): error C2065: '__uint8': undeclared identifier [C:\Users\fangl\OneDrive\Documents\Code\jansson-2.7\CMakeFiles\CMakeTmp\cmTC_1914d.vcxproj]
  C:\Users\fangl\OneDrive\Documents\Code\jansson-2.7\CMakeFiles\CheckTypeSize\__UINT8.c(20): error C2065: '__uint8': undeclared identifier [C:\Users\fangl\OneDrive\Documents\Code\jansson-2.7\CMakeFiles\CMakeTmp\cmTC_1914d.vcxproj]
  C:\Users\fangl\OneDrive\Documents\Code\jansson-2.7\CMakeFiles\CheckTypeSize\__UINT8.c(21): error C2065: '__uint8': undeclared identifier [C:\Users\fangl\OneDrive\Documents\Code\jansson-2.7\CMakeFiles\CMakeTmp\cmTC_1914d.vcxproj]
  C:\Users\fangl\OneDrive\Documents\Code\jansson-2.7\CMakeFiles\CheckTypeSize\__UINT8.c(22): error C2065: '__uint8': undeclared identifier [C:\Users\fangl\OneDrive\Documents\Code\jansson-2.7\CMakeFiles\CMakeTmp\cmTC_1914d.vcxproj]

    0 Warning(s)
    5 Error(s)

Time Elapsed 00:00:01.39

C:/Users/fangl/OneDrive/Documents/Code/jansson-2.7/CMakeFiles/CheckTypeSize/__UINT8.c:
#include <stdint.h>
#include <stddef.h>


#undef KEY
#if defined(__i386)
# define KEY '_','_','i','3','8','6'
#elif defined(__x86_64)
# define KEY '_','_','x','8','6','_','6','4'
#elif defined(__ppc__)
# define KEY '_','_','p','p','c','_','_'
#elif defined(__ppc64__)
# define KEY '_','_','p','p','c','6','4','_','_'
#endif

#define SIZE (sizeof(__uint8))
char info_size[] =  {'I', 'N', 'F', 'O', ':', 's','i','z','e','[',
  ('0' + ((SIZE / 10000)%10)),
  ('0' + ((SIZE / 1000)%10)),
  ('0' + ((SIZE / 100)%10)),
  ('0' + ((SIZE / 10)%10)),
  ('0' +  (SIZE    % 10)),
  ']',
#ifdef KEY
  ' ','k','e','y','[', KEY, ']',
#endif
  '\0'};

#ifdef __CLASSIC_C__
int main(argc, argv) int argc; char *argv[];
#else
int main(int argc, char *argv[])
#endif
{
  int require = 0;
  require += info_size[argc];
  (void)argv;
  return require;
}


Determining size of ssize_t failed with the following output:
Change Dir: C:/Users/fangl/OneDrive/Documents/Code/jansson-2.7/CMakeFiles/CMakeTmp

Run Build Command:"C:/Program Files (x86)/MSBuild/14.0/bin/MSBuild.exe" "cmTC_3005f.vcxproj" "/p:Configuration=Debug" "/p:VisualStudioVersion=14.0"
Microsoft (R) Build Engine version 14.0.25123.0
Copyright (C) Microsoft Corporation. All rights reserved.

Build started 4/20/2016 7:52:53 AM.
Project "C:\Users\fangl\OneDrive\Documents\Code\jansson-2.7\CMakeFiles\CMakeTmp\cmTC_3005f.vcxproj" on node 1 (default targets).
PrepareForBuild:
  Creating directory "cmTC_3005f.dir\Debug\".
  Creating directory "C:\Users\fangl\OneDrive\Documents\Code\jansson-2.7\CMakeFiles\CMakeTmp\Debug\".
  Creating directory "cmTC_3005f.dir\Debug\cmTC_3005f.tlog\".
InitializeBuildStatus:
  Creating "cmTC_3005f.dir\Debug\cmTC_3005f.tlog\unsuccessfulbuild" because "AlwaysCreate" was specified.
ClCompile:
  C:\Program Files (x86)\Microsoft Visual Studio 14.0\VC\bin\CL.exe /c /Zi /W3 /WX- /Od /Ob0 /Oy- /D WIN32 /D _WINDOWS /D _DEBUG /D "CMAKE_INTDIR=\"Debug\"" /D _MBCS /Gm- /RTC1 /MDd /GS /fp:precise /Zc:wchar_t /Zc:forScope /Zc:inline /Fo"cmTC_3005f.dir\Debug\\" /Fd"cmTC_3005f.dir\Debug\vc140.pdb" /Gd /TC /analyze- /errorReport:queue "C:\Users\fangl\OneDrive\Documents\Code\jansson-2.7\CMakeFiles\CheckTypeSize\SSIZE_T.c"
  Microsoft (R) C/C++ Optimizing Compiler Version 19.00.23918 for x86
  Copyright (C) Microsoft Corporation.  All rights reserved.
  
  cl /c /Zi /W3 /WX- /Od /Ob0 /Oy- /D WIN32 /D _WINDOWS /D _DEBUG /D "CMAKE_INTDIR=\"Debug\"" /D _MBCS /Gm- /RTC1 /MDd /GS /fp:precise /Zc:wchar_t /Zc:forScope /Zc:inline /Fo"cmTC_3005f.dir\Debug\\" /Fd"cmTC_3005f.dir\Debug\vc140.pdb" /Gd /TC /analyze- /errorReport:queue "C:\Users\fangl\OneDrive\Documents\Code\jansson-2.7\CMakeFiles\CheckTypeSize\SSIZE_T.c"
  
  SSIZE_T.c
C:\Users\fangl\OneDrive\Documents\Code\jansson-2.7\CMakeFiles\CheckTypeSize\SSIZE_T.c(18): error C2065: 'ssize_t': undeclared identifier [C:\Users\fangl\OneDrive\Documents\Code\jansson-2.7\CMakeFiles\CMakeTmp\cmTC_3005f.vcxproj]
C:\Users\fangl\OneDrive\Documents\Code\jansson-2.7\CMakeFiles\CheckTypeSize\SSIZE_T.c(19): error C2065: 'ssize_t': undeclared identifier [C:\Users\fangl\OneDrive\Documents\Code\jansson-2.7\CMakeFiles\CMakeTmp\cmTC_3005f.vcxproj]
C:\Users\fangl\OneDrive\Documents\Code\jansson-2.7\CMakeFiles\CheckTypeSize\SSIZE_T.c(20): error C2065: 'ssize_t': undeclared identifier [C:\Users\fangl\OneDrive\Documents\Code\jansson-2.7\CMakeFiles\CMakeTmp\cmTC_3005f.vcxproj]
C:\Users\fangl\OneDrive\Documents\Code\jansson-2.7\CMakeFiles\CheckTypeSize\SSIZE_T.c(21): error C2065: 'ssize_t': undeclared identifier [C:\Users\fangl\OneDrive\Documents\Code\jansson-2.7\CMakeFiles\CMakeTmp\cmTC_3005f.vcxproj]
C:\Users\fangl\OneDrive\Documents\Code\jansson-2.7\CMakeFiles\CheckTypeSize\SSIZE_T.c(22): error C2065: 'ssize_t': undeclared identifier [C:\Users\fangl\OneDrive\Documents\Code\jansson-2.7\CMakeFiles\CMakeTmp\cmTC_3005f.vcxproj]
Done Building Project "C:\Users\fangl\OneDrive\Documents\Code\jansson-2.7\CMakeFiles\CMakeTmp\cmTC_3005f.vcxproj" (default targets) -- FAILED.

Build FAILED.

"C:\Users\fangl\OneDrive\Documents\Code\jansson-2.7\CMakeFiles\CMakeTmp\cmTC_3005f.vcxproj" (default target) (1) ->
(ClCompile target) -> 
  C:\Users\fangl\OneDrive\Documents\Code\jansson-2.7\CMakeFiles\CheckTypeSize\SSIZE_T.c(18): error C2065: 'ssize_t': undeclared identifier [C:\Users\fangl\OneDrive\Documents\Code\jansson-2.7\CMakeFiles\CMakeTmp\cmTC_3005f.vcxproj]
  C:\Users\fangl\OneDrive\Documents\Code\jansson-2.7\CMakeFiles\CheckTypeSize\SSIZE_T.c(19): error C2065: 'ssize_t': undeclared identifier [C:\Users\fangl\OneDrive\Documents\Code\jansson-2.7\CMakeFiles\CMakeTmp\cmTC_3005f.vcxproj]
  C:\Users\fangl\OneDrive\Documents\Code\jansson-2.7\CMakeFiles\CheckTypeSize\SSIZE_T.c(20): error C2065: 'ssize_t': undeclared identifier [C:\Users\fangl\OneDrive\Documents\Code\jansson-2.7\CMakeFiles\CMakeTmp\cmTC_3005f.vcxproj]
  C:\Users\fangl\OneDrive\Documents\Code\jansson-2.7\CMakeFiles\CheckTypeSize\SSIZE_T.c(21): error C2065: 'ssize_t': undeclared identifier [C:\Users\fangl\OneDrive\Documents\Code\jansson-2.7\CMakeFiles\CMakeTmp\cmTC_3005f.vcxproj]
  C:\Users\fangl\OneDrive\Documents\Code\jansson-2.7\CMakeFiles\CheckTypeSize\SSIZE_T.c(22): error C2065: 'ssize_t': undeclared identifier [C:\Users\fangl\OneDrive\Documents\Code\jansson-2.7\CMakeFiles\CMakeTmp\cmTC_3005f.vcxproj]

    0 Warning(s)
    5 Error(s)

Time Elapsed 00:00:01.37

C:/Users/fangl/OneDrive/Documents/Code/jansson-2.7/CMakeFiles/CheckTypeSize/SSIZE_T.c:
#include <stdint.h>
#include <stddef.h>


#undef KEY
#if defined(__i386)
# define KEY '_','_','i','3','8','6'
#elif defined(__x86_64)
# define KEY '_','_','x','8','6','_','6','4'
#elif defined(__ppc__)
# define KEY '_','_','p','p','c','_','_'
#elif defined(__ppc64__)
# define KEY '_','_','p','p','c','6','4','_','_'
#endif

#define SIZE (sizeof(ssize_t))
char info_size[] =  {'I', 'N', 'F', 'O', ':', 's','i','z','e','[',
  ('0' + ((SIZE / 10000)%10)),
  ('0' + ((SIZE / 1000)%10)),
  ('0' + ((SIZE / 100)%10)),
  ('0' + ((SIZE / 10)%10)),
  ('0' +  (SIZE    % 10)),
  ']',
#ifdef KEY
  ' ','k','e','y','[', KEY, ']',
#endif
  '\0'};

#ifdef __CLASSIC_C__
int main(argc, argv) int argc; char *argv[];
#else
int main(int argc, char *argv[])
#endif
{
  int require = 0;
  require += info_size[argc];
  (void)argv;
  return require;
}


Determining size of SSIZE_T failed with the following output:
Change Dir: C:/Users/fangl/OneDrive/Documents/Code/jansson-2.7/CMakeFiles/CMakeTmp

Run Build Command:"C:/Program Files (x86)/MSBuild/14.0/bin/MSBuild.exe" "cmTC_66b8e.vcxproj" "/p:Configuration=Debug" "/p:VisualStudioVersion=14.0"
Microsoft (R) Build Engine version 14.0.25123.0
Copyright (C) Microsoft Corporation. All rights reserved.

Build started 4/20/2016 7:52:55 AM.
Project "C:\Users\fangl\OneDrive\Documents\Code\jansson-2.7\CMakeFiles\CMakeTmp\cmTC_66b8e.vcxproj" on node 1 (default targets).
PrepareForBuild:
  Creating directory "cmTC_66b8e.dir\Debug\".
  Creating directory "C:\Users\fangl\OneDrive\Documents\Code\jansson-2.7\CMakeFiles\CMakeTmp\Debug\".
  Creating directory "cmTC_66b8e.dir\Debug\cmTC_66b8e.tlog\".
InitializeBuildStatus:
  Creating "cmTC_66b8e.dir\Debug\cmTC_66b8e.tlog\unsuccessfulbuild" because "AlwaysCreate" was specified.
ClCompile:
  C:\Program Files (x86)\Microsoft Visual Studio 14.0\VC\bin\CL.exe /c /Zi /W3 /WX- /Od /Ob0 /Oy- /D WIN32 /D _WINDOWS /D _DEBUG /D "CMAKE_INTDIR=\"Debug\"" /D _MBCS /Gm- /RTC1 /MDd /GS /fp:precise /Zc:wchar_t /Zc:forScope /Zc:inline /Fo"cmTC_66b8e.dir\Debug\\" /Fd"cmTC_66b8e.dir\Debug\vc140.pdb" /Gd /TC /analyze- /errorReport:queue "C:\Users\fangl\OneDrive\Documents\Code\jansson-2.7\CMakeFiles\CheckTypeSize\UPPERCASE_SSIZE_T.c"
  Microsoft (R) C/C++ Optimizing Compiler Version 19.00.23918 for x86
  Copyright (C) Microsoft Corporation.  All rights reserved.
  
  cl /c /Zi /W3 /WX- /Od /Ob0 /Oy- /D WIN32 /D _WINDOWS /D _DEBUG /D "CMAKE_INTDIR=\"Debug\"" /D _MBCS /Gm- /RTC1 /MDd /GS /fp:precise /Zc:wchar_t /Zc:forScope /Zc:inline /Fo"cmTC_66b8e.dir\Debug\\" /Fd"cmTC_66b8e.dir\Debug\vc140.pdb" /Gd /TC /analyze- /errorReport:queue "C:\Users\fangl\OneDrive\Documents\Code\jansson-2.7\CMakeFiles\CheckTypeSize\UPPERCASE_SSIZE_T.c"
  
  UPPERCASE_SSIZE_T.c
C:\Users\fangl\OneDrive\Documents\Code\jansson-2.7\CMakeFiles\CheckTypeSize\UPPERCASE_SSIZE_T.c(18): error C2065: 'SSIZE_T': undeclared identifier [C:\Users\fangl\OneDrive\Documents\Code\jansson-2.7\CMakeFiles\CMakeTmp\cmTC_66b8e.vcxproj]
C:\Users\fangl\OneDrive\Documents\Code\jansson-2.7\CMakeFiles\CheckTypeSize\UPPERCASE_SSIZE_T.c(19): error C2065: 'SSIZE_T': undeclared identifier [C:\Users\fangl\OneDrive\Documents\Code\jansson-2.7\CMakeFiles\CMakeTmp\cmTC_66b8e.vcxproj]
C:\Users\fangl\OneDrive\Documents\Code\jansson-2.7\CMakeFiles\CheckTypeSize\UPPERCASE_SSIZE_T.c(20): error C2065: 'SSIZE_T': undeclared identifier [C:\Users\fangl\OneDrive\Documents\Code\jansson-2.7\CMakeFiles\CMakeTmp\cmTC_66b8e.vcxproj]
C:\Users\fangl\OneDrive\Documents\Code\jansson-2.7\CMakeFiles\CheckTypeSize\UPPERCASE_SSIZE_T.c(21): error C2065: 'SSIZE_T': undeclared identifier [C:\Users\fangl\OneDrive\Documents\Code\jansson-2.7\CMakeFiles\CMakeTmp\cmTC_66b8e.vcxproj]
C:\Users\fangl\OneDrive\Documents\Code\jansson-2.7\CMakeFiles\CheckTypeSize\UPPERCASE_SSIZE_T.c(22): error C2065: 'SSIZE_T': undeclared identifier [C:\Users\fangl\OneDrive\Documents\Code\jansson-2.7\CMakeFiles\CMakeTmp\cmTC_66b8e.vcxproj]
Done Building Project "C:\Users\fangl\OneDrive\Documents\Code\jansson-2.7\CMakeFiles\CMakeTmp\cmTC_66b8e.vcxproj" (default targets) -- FAILED.

Build FAILED.

"C:\Users\fangl\OneDrive\Documents\Code\jansson-2.7\CMakeFiles\CMakeTmp\cmTC_66b8e.vcxproj" (default target) (1) ->
(ClCompile target) -> 
  C:\Users\fangl\OneDrive\Documents\Code\jansson-2.7\CMakeFiles\CheckTypeSize\UPPERCASE_SSIZE_T.c(18): error C2065: 'SSIZE_T': undeclared identifier [C:\Users\fangl\OneDrive\Documents\Code\jansson-2.7\CMakeFiles\CMakeTmp\cmTC_66b8e.vcxproj]
  C:\Users\fangl\OneDrive\Documents\Code\jansson-2.7\CMakeFiles\CheckTypeSize\UPPERCASE_SSIZE_T.c(19): error C2065: 'SSIZE_T': undeclared identifier [C:\Users\fangl\OneDrive\Documents\Code\jansson-2.7\CMakeFiles\CMakeTmp\cmTC_66b8e.vcxproj]
  C:\Users\fangl\OneDrive\Documents\Code\jansson-2.7\CMakeFiles\CheckTypeSize\UPPERCASE_SSIZE_T.c(20): error C2065: 'SSIZE_T': undeclared identifier [C:\Users\fangl\OneDrive\Documents\Code\jansson-2.7\CMakeFiles\CMakeTmp\cmTC_66b8e.vcxproj]
  C:\Users\fangl\OneDrive\Documents\Code\jansson-2.7\CMakeFiles\CheckTypeSize\UPPERCASE_SSIZE_T.c(21): error C2065: 'SSIZE_T': undeclared identifier [C:\Users\fangl\OneDrive\Documents\Code\jansson-2.7\CMakeFiles\CMakeTmp\cmTC_66b8e.vcxproj]
  C:\Users\fangl\OneDrive\Documents\Code\jansson-2.7\CMakeFiles\CheckTypeSize\UPPERCASE_SSIZE_T.c(22): error C2065: 'SSIZE_T': undeclared identifier [C:\Users\fangl\OneDrive\Documents\Code\jansson-2.7\CMakeFiles\CMakeTmp\cmTC_66b8e.vcxproj]

    0 Warning(s)
    5 Error(s)

Time Elapsed 00:00:01.37

C:/Users/fangl/OneDrive/Documents/Code/jansson-2.7/CMakeFiles/CheckTypeSize/UPPERCASE_SSIZE_T.c:
#include <stdint.h>
#include <stddef.h>


#undef KEY
#if defined(__i386)
# define KEY '_','_','i','3','8','6'
#elif defined(__x86_64)
# define KEY '_','_','x','8','6','_','6','4'
#elif defined(__ppc__)
# define KEY '_','_','p','p','c','_','_'
#elif defined(__ppc64__)
# define KEY '_','_','p','p','c','6','4','_','_'
#endif

#define SIZE (sizeof(SSIZE_T))
char info_size[] =  {'I', 'N', 'F', 'O', ':', 's','i','z','e','[',
  ('0' + ((SIZE / 10000)%10)),
  ('0' + ((SIZE / 1000)%10)),
  ('0' + ((SIZE / 100)%10)),
  ('0' + ((SIZE / 10)%10)),
  ('0' +  (SIZE    % 10)),
  ']',
#ifdef KEY
  ' ','k','e','y','[', KEY, ']',
#endif
  '\0'};

#ifdef __CLASSIC_C__
int main(argc, argv) int argc; char *argv[];
#else
int main(int argc, char *argv[])
#endif
{
  int require = 0;
  require += info_size[argc];
  (void)argv;
  return require;
}


Determining if the function strtoq exists failed with the following output:
Change Dir: C:/Users/fangl/OneDrive/Documents/Code/jansson-2.7/CMakeFiles/CMakeTmp

Run Build Command:"C:/Program Files (x86)/MSBuild/14.0/bin/MSBuild.exe" "cmTC_be01a.vcxproj" "/p:Configuration=Debug" "/p:VisualStudioVersion=14.0"
Microsoft (R) Build Engine version 14.0.25123.0
Copyright (C) Microsoft Corporation. All rights reserved.

Build started 4/20/2016 7:53:00 AM.
Project "C:\Users\fangl\OneDrive\Documents\Code\jansson-2.7\CMakeFiles\CMakeTmp\cmTC_be01a.vcxproj" on node 1 (default targets).
PrepareForBuild:
  Creating directory "cmTC_be01a.dir\Debug\".
  Creating directory "C:\Users\fangl\OneDrive\Documents\Code\jansson-2.7\CMakeFiles\CMakeTmp\Debug\".
  Creating directory "cmTC_be01a.dir\Debug\cmTC_be01a.tlog\".
InitializeBuildStatus:
  Creating "cmTC_be01a.dir\Debug\cmTC_be01a.tlog\unsuccessfulbuild" because "AlwaysCreate" was specified.
ClCompile:
  C:\Program Files (x86)\Microsoft Visual Studio 14.0\VC\bin\CL.exe /c /Zi /W3 /WX- /Od /Ob0 /Oy- /D WIN32 /D _WINDOWS /D CHECK_FUNCTION_EXISTS=strtoq /D _DEBUG /D "CMAKE_INTDIR=\"Debug\"" /D _MBCS /Gm- /RTC1 /MDd /GS /fp:precise /Zc:wchar_t /Zc:forScope /Zc:inline /Fo"cmTC_be01a.dir\Debug\\" /Fd"cmTC_be01a.dir\Debug\vc140.pdb" /Gd /TC /analyze- /errorReport:queue "C:\Program Files (x86)\CMake\share\cmake-3.5\Modules\CheckFunctionExists.c"
  Microsoft (R) C/C++ Optimizing Compiler Version 19.00.23918 for x86
  Copyright (C) Microsoft Corporation.  All rights reserved.
  
  cl /c /Zi /W3 /WX- /Od /Ob0 /Oy- /D WIN32 /D _WINDOWS /D CHECK_FUNCTION_EXISTS=strtoq /D _DEBUG /D "CMAKE_INTDIR=\"Debug\"" /D _MBCS /Gm- /RTC1 /MDd /GS /fp:precise /Zc:wchar_t /Zc:forScope /Zc:inline /Fo"cmTC_be01a.dir\Debug\\" /Fd"cmTC_be01a.dir\Debug\vc140.pdb" /Gd /TC /analyze- /errorReport:queue "C:\Program Files (x86)\CMake\share\cmake-3.5\Modules\CheckFunctionExists.c"
  
  CheckFunctionExists.c
Link:
  C:\Program Files (x86)\Microsoft Visual Studio 14.0\VC\bin\link.exe /ERRORREPORT:QUEUE /OUT:"C:\Users\fangl\OneDrive\Documents\Code\jansson-2.7\CMakeFiles\CMakeTmp\Debug\cmTC_be01a.exe" /INCREMENTAL /NOLOGO kernel32.lib user32.lib gdi32.lib winspool.lib shell32.lib ole32.lib oleaut32.lib uuid.lib comdlg32.lib advapi32.lib /MANIFEST /MANIFESTUAC:"level='asInvoker' uiAccess='false'" /manifest:embed /DEBUG /PDB:"C:/Users/fangl/OneDrive/Documents/Code/jansson-2.7/CMakeFiles/CMakeTmp/Debug/cmTC_be01a.pdb" /SUBSYSTEM:CONSOLE /TLBID:1 /DYNAMICBASE /NXCOMPAT /IMPLIB:"C:/Users/fangl/OneDrive/Documents/Code/jansson-2.7/CMakeFiles/CMakeTmp/Debug/cmTC_be01a.lib" /MACHINE:X86 /SAFESEH  /machine:X86 cmTC_be01a.dir\Debug\CheckFunctionExists.obj
CheckFunctionExists.obj : error LNK2019: unresolved external symbol _strtoq referenced in function _main [C:\Users\fangl\OneDrive\Documents\Code\jansson-2.7\CMakeFiles\CMakeTmp\cmTC_be01a.vcxproj]
C:\Users\fangl\OneDrive\Documents\Code\jansson-2.7\CMakeFiles\CMakeTmp\Debug\cmTC_be01a.exe : fatal error LNK1120: 1 unresolved externals [C:\Users\fangl\OneDrive\Documents\Code\jansson-2.7\CMakeFiles\CMakeTmp\cmTC_be01a.vcxproj]
Done Building Project "C:\Users\fangl\OneDrive\Documents\Code\jansson-2.7\CMakeFiles\CMakeTmp\cmTC_be01a.vcxproj" (default targets) -- FAILED.

Build FAILED.

"C:\Users\fangl\OneDrive\Documents\Code\jansson-2.7\CMakeFiles\CMakeTmp\cmTC_be01a.vcxproj" (default target) (1) ->
(Link target) -> 
  CheckFunctionExists.obj : error LNK2019: unresolved external symbol _strtoq referenced in function _main [C:\Users\fangl\OneDrive\Documents\Code\jansson-2.7\CMakeFiles\CMakeTmp\cmTC_be01a.vcxproj]
  C:\Users\fangl\OneDrive\Documents\Code\jansson-2.7\CMakeFiles\CMakeTmp\Debug\cmTC_be01a.exe : fatal error LNK1120: 1 unresolved externals [C:\Users\fangl\OneDrive\Documents\Code\jansson-2.7\CMakeFiles\CMakeTmp\cmTC_be01a.vcxproj]

    0 Warning(s)
    2 Error(s)

Time Elapsed 00:00:01.68


Performing C SOURCE FILE Test HAVE___INLINE__ failed with the following output:
Change Dir: C:/Users/fangl/OneDrive/Documents/Code/jansson-2.7/CMakeFiles/CMakeTmp

Run Build Command:"C:/Program Files (x86)/MSBuild/14.0/bin/MSBuild.exe" "cmTC_ee687.vcxproj" "/p:Configuration=Debug" "/p:VisualStudioVersion=14.0"
Microsoft (R) Build Engine version 14.0.25123.0
Copyright (C) Microsoft Corporation. All rights reserved.

Build started 4/20/2016 7:53:18 AM.
Project "C:\Users\fangl\OneDrive\Documents\Code\jansson-2.7\CMakeFiles\CMakeTmp\cmTC_ee687.vcxproj" on node 1 (default targets).
PrepareForBuild:
  Creating directory "cmTC_ee687.dir\Debug\".
  Creating directory "C:\Users\fangl\OneDrive\Documents\Code\jansson-2.7\CMakeFiles\CMakeTmp\Debug\".
  Creating directory "cmTC_ee687.dir\Debug\cmTC_ee687.tlog\".
InitializeBuildStatus:
  Creating "cmTC_ee687.dir\Debug\cmTC_ee687.tlog\unsuccessfulbuild" because "AlwaysCreate" was specified.
ClCompile:
  C:\Program Files (x86)\Microsoft Visual Studio 14.0\VC\bin\CL.exe /c /Zi /W3 /WX- /Od /Ob0 /Oy- /D WIN32 /D _WINDOWS /D HAVE___INLINE__ /D _DEBUG /D "CMAKE_INTDIR=\"Debug\"" /D _MBCS /Gm- /RTC1 /MDd /GS /fp:precise /Zc:wchar_t /Zc:forScope /Zc:inline /Fo"cmTC_ee687.dir\Debug\\" /Fd"cmTC_ee687.dir\Debug\vc140.pdb" /Gd /TC /analyze- /errorReport:queue "C:\Users\fangl\OneDrive\Documents\Code\jansson-2.7\CMakeFiles\CMakeTmp\src.c"
  Microsoft (R) C/C++ Optimizing Compiler Version 19.00.23918 for x86
  Copyright (C) Microsoft Corporation.  All rights reserved.
  
  cl /c /Zi /W3 /WX- /Od /Ob0 /Oy- /D WIN32 /D _WINDOWS /D HAVE___INLINE__ /D _DEBUG /D "CMAKE_INTDIR=\"Debug\"" /D _MBCS /Gm- /RTC1 /MDd /GS /fp:precise /Zc:wchar_t /Zc:forScope /Zc:inline /Fo"cmTC_ee687.dir\Debug\\" /Fd"cmTC_ee687.dir\Debug\vc140.pdb" /Gd /TC /analyze- /errorReport:queue "C:\Users\fangl\OneDrive\Documents\Code\jansson-2.7\CMakeFiles\CMakeTmp\src.c"
  
  src.c
C:\Users\fangl\OneDrive\Documents\Code\jansson-2.7\CMakeFiles\CMakeTmp\src.c(1): error C2054: expected '(' to follow '__inline__' [C:\Users\fangl\OneDrive\Documents\Code\jansson-2.7\CMakeFiles\CMakeTmp\cmTC_ee687.vcxproj]
C:\Users\fangl\OneDrive\Documents\Code\jansson-2.7\CMakeFiles\CMakeTmp\src.c(1): error C2085: 'func': not in formal parameter list [C:\Users\fangl\OneDrive\Documents\Code\jansson-2.7\CMakeFiles\CMakeTmp\cmTC_ee687.vcxproj]
C:\Users\fangl\OneDrive\Documents\Code\jansson-2.7\CMakeFiles\CMakeTmp\src.c(1): error C2143: syntax error: missing ';' before '{' [C:\Users\fangl\OneDrive\Documents\Code\jansson-2.7\CMakeFiles\CMakeTmp\cmTC_ee687.vcxproj]
C:\Users\fangl\OneDrive\Documents\Code\jansson-2.7\CMakeFiles\CMakeTmp\src.c(1): warning C4013: 'func' undefined; assuming extern returning int [C:\Users\fangl\OneDrive\Documents\Code\jansson-2.7\CMakeFiles\CMakeTmp\cmTC_ee687.vcxproj]
Done Building Project "C:\Users\fangl\OneDrive\Documents\Code\jansson-2.7\CMakeFiles\CMakeTmp\cmTC_ee687.vcxproj" (default targets) -- FAILED.

Build FAILED.

"C:\Users\fangl\OneDrive\Documents\Code\jansson-2.7\CMakeFiles\CMakeTmp\cmTC_ee687.vcxproj" (default target) (1) ->
(ClCompile target) -> 
  C:\Users\fangl\OneDrive\Documents\Code\jansson-2.7\CMakeFiles\CMakeTmp\src.c(1): warning C4013: 'func' undefined; assuming extern returning int [C:\Users\fangl\OneDrive\Documents\Code\jansson-2.7\CMakeFiles\CMakeTmp\cmTC_ee687.vcxproj]


"C:\Users\fangl\OneDrive\Documents\Code\jansson-2.7\CMakeFiles\CMakeTmp\cmTC_ee687.vcxproj" (default target) (1) ->
(ClCompile target) -> 
  C:\Users\fangl\OneDrive\Documents\Code\jansson-2.7\CMakeFiles\CMakeTmp\src.c(1): error C2054: expected '(' to follow '__inline__' [C:\Users\fangl\OneDrive\Documents\Code\jansson-2.7\CMakeFiles\CMakeTmp\cmTC_ee687.vcxproj]
  C:\Users\fangl\OneDrive\Documents\Code\jansson-2.7\CMakeFiles\CMakeTmp\src.c(1): error C2085: 'func': not in formal parameter list [C:\Users\fangl\OneDrive\Documents\Code\jansson-2.7\CMakeFiles\CMakeTmp\cmTC_ee687.vcxproj]
  C:\Users\fangl\OneDrive\Documents\Code\jansson-2.7\CMakeFiles\CMakeTmp\src.c(1): error C2143: syntax error: missing ';' before '{' [C:\Users\fangl\OneDrive\Documents\Code\jansson-2.7\CMakeFiles\CMakeTmp\cmTC_ee687.vcxproj]

    1 Warning(s)
    3 Error(s)

Time Elapsed 00:00:01.39

Source file was:
__inline__ void func(); void func() { } int main() { func(); return 0; }
Determining if the function snprintf exists failed with the following output:
Change Dir: C:/Users/fangl/OneDrive/Documents/Code/jansson-2.7/CMakeFiles/CMakeTmp

Run Build Command:"C:/Program Files (x86)/MSBuild/14.0/bin/MSBuild.exe" "cmTC_c5eb7.vcxproj" "/p:Configuration=Debug" "/p:VisualStudioVersion=14.0"
Microsoft (R) Build Engine version 14.0.25123.0
Copyright (C) Microsoft Corporation. All rights reserved.

Build started 4/20/2016 7:53:20 AM.
Project "C:\Users\fangl\OneDrive\Documents\Code\jansson-2.7\CMakeFiles\CMakeTmp\cmTC_c5eb7.vcxproj" on node 1 (default targets).
PrepareForBuild:
  Creating directory "cmTC_c5eb7.dir\Debug\".
  Creating directory "C:\Users\fangl\OneDrive\Documents\Code\jansson-2.7\CMakeFiles\CMakeTmp\Debug\".
  Creating directory "cmTC_c5eb7.dir\Debug\cmTC_c5eb7.tlog\".
InitializeBuildStatus:
  Creating "cmTC_c5eb7.dir\Debug\cmTC_c5eb7.tlog\unsuccessfulbuild" because "AlwaysCreate" was specified.
ClCompile:
  C:\Program Files (x86)\Microsoft Visual Studio 14.0\VC\bin\CL.exe /c /Zi /W3 /WX- /Od /Ob0 /Oy- /D WIN32 /D _WINDOWS /D CHECK_FUNCTION_EXISTS=snprintf /D _DEBUG /D "CMAKE_INTDIR=\"Debug\"" /D _MBCS /Gm- /RTC1 /MDd /GS /fp:precise /Zc:wchar_t /Zc:forScope /Zc:inline /Fo"cmTC_c5eb7.dir\Debug\\" /Fd"cmTC_c5eb7.dir\Debug\vc140.pdb" /Gd /TC /analyze- /errorReport:queue "C:\Program Files (x86)\CMake\share\cmake-3.5\Modules\CheckFunctionExists.c"
  Microsoft (R) C/C++ Optimizing Compiler Version 19.00.23918 for x86
  Copyright (C) Microsoft Corporation.  All rights reserved.
  
  cl /c /Zi /W3 /WX- /Od /Ob0 /Oy- /D WIN32 /D _WINDOWS /D CHECK_FUNCTION_EXISTS=snprintf /D _DEBUG /D "CMAKE_INTDIR=\"Debug\"" /D _MBCS /Gm- /RTC1 /MDd /GS /fp:precise /Zc:wchar_t /Zc:forScope /Zc:inline /Fo"cmTC_c5eb7.dir\Debug\\" /Fd"cmTC_c5eb7.dir\Debug\vc140.pdb" /Gd /TC /analyze- /errorReport:queue "C:\Program Files (x86)\CMake\share\cmake-3.5\Modules\CheckFunctionExists.c"
  
  CheckFunctionExists.c
Link:
  C:\Program Files (x86)\Microsoft Visual Studio 14.0\VC\bin\link.exe /ERRORREPORT:QUEUE /OUT:"C:\Users\fangl\OneDrive\Documents\Code\jansson-2.7\CMakeFiles\CMakeTmp\Debug\cmTC_c5eb7.exe" /INCREMENTAL /NOLOGO kernel32.lib user32.lib gdi32.lib winspool.lib shell32.lib ole32.lib oleaut32.lib uuid.lib comdlg32.lib advapi32.lib /MANIFEST /MANIFESTUAC:"level='asInvoker' uiAccess='false'" /manifest:embed /DEBUG /PDB:"C:/Users/fangl/OneDrive/Documents/Code/jansson-2.7/CMakeFiles/CMakeTmp/Debug/cmTC_c5eb7.pdb" /SUBSYSTEM:CONSOLE /TLBID:1 /DYNAMICBASE /NXCOMPAT /IMPLIB:"C:/Users/fangl/OneDrive/Documents/Code/jansson-2.7/CMakeFiles/CMakeTmp/Debug/cmTC_c5eb7.lib" /MACHINE:X86 /SAFESEH  /machine:X86 cmTC_c5eb7.dir\Debug\CheckFunctionExists.obj
CheckFunctionExists.obj : error LNK2019: unresolved external symbol _snprintf referenced in function _main [C:\Users\fangl\OneDrive\Documents\Code\jansson-2.7\CMakeFiles\CMakeTmp\cmTC_c5eb7.vcxproj]
C:\Users\fangl\OneDrive\Documents\Code\jansson-2.7\CMakeFiles\CMakeTmp\Debug\cmTC_c5eb7.exe : fatal error LNK1120: 1 unresolved externals [C:\Users\fangl\OneDrive\Documents\Code\jansson-2.7\CMakeFiles\CMakeTmp\cmTC_c5eb7.vcxproj]
Done Building Project "C:\Users\fangl\OneDrive\Documents\Code\jansson-2.7\CMakeFiles\CMakeTmp\cmTC_c5eb7.vcxproj" (default targets) -- FAILED.

Build FAILED.

"C:\Users\fangl\OneDrive\Documents\Code\jansson-2.7\CMakeFiles\CMakeTmp\cmTC_c5eb7.vcxproj" (default target) (1) ->
(Link target) -> 
  CheckFunctionExists.obj : error LNK2019: unresolved external symbol _snprintf referenced in function _main [C:\Users\fangl\OneDrive\Documents\Code\jansson-2.7\CMakeFiles\CMakeTmp\cmTC_c5eb7.vcxproj]
  C:\Users\fangl\OneDrive\Documents\Code\jansson-2.7\CMakeFiles\CMakeTmp\Debug\cmTC_c5eb7.exe : fatal error LNK1120: 1 unresolved externals [C:\Users\fangl\OneDrive\Documents\Code\jansson-2.7\CMakeFiles\CMakeTmp\cmTC_c5eb7.vcxproj]

    0 Warning(s)
    2 Error(s)

Time Elapsed 00:00:01.59


Determining if the function _snprintf exists failed with the following output:
Change Dir: C:/Users/fangl/OneDrive/Documents/Code/jansson-2.7/CMakeFiles/CMakeTmp

Run Build Command:"C:/Program Files (x86)/MSBuild/14.0/bin/MSBuild.exe" "cmTC_b4183.vcxproj" "/p:Configuration=Debug" "/p:VisualStudioVersion=14.0"
Microsoft (R) Build Engine version 14.0.25123.0
Copyright (C) Microsoft Corporation. All rights reserved.

Build started 4/20/2016 7:53:22 AM.
Project "C:\Users\fangl\OneDrive\Documents\Code\jansson-2.7\CMakeFiles\CMakeTmp\cmTC_b4183.vcxproj" on node 1 (default targets).
PrepareForBuild:
  Creating directory "cmTC_b4183.dir\Debug\".
  Creating directory "C:\Users\fangl\OneDrive\Documents\Code\jansson-2.7\CMakeFiles\CMakeTmp\Debug\".
  Creating directory "cmTC_b4183.dir\Debug\cmTC_b4183.tlog\".
InitializeBuildStatus:
  Creating "cmTC_b4183.dir\Debug\cmTC_b4183.tlog\unsuccessfulbuild" because "AlwaysCreate" was specified.
ClCompile:
  C:\Program Files (x86)\Microsoft Visual Studio 14.0\VC\bin\CL.exe /c /Zi /W3 /WX- /Od /Ob0 /Oy- /D WIN32 /D _WINDOWS /D CHECK_FUNCTION_EXISTS=_snprintf /D _DEBUG /D "CMAKE_INTDIR=\"Debug\"" /D _MBCS /Gm- /RTC1 /MDd /GS /fp:precise /Zc:wchar_t /Zc:forScope /Zc:inline /Fo"cmTC_b4183.dir\Debug\\" /Fd"cmTC_b4183.dir\Debug\vc140.pdb" /Gd /TC /analyze- /errorReport:queue "C:\Program Files (x86)\CMake\share\cmake-3.5\Modules\CheckFunctionExists.c"
  Microsoft (R) C/C++ Optimizing Compiler Version 19.00.23918 for x86
  Copyright (C) Microsoft Corporation.  All rights reserved.
  
  cl /c /Zi /W3 /WX- /Od /Ob0 /Oy- /D WIN32 /D _WINDOWS /D CHECK_FUNCTION_EXISTS=_snprintf /D _DEBUG /D "CMAKE_INTDIR=\"Debug\"" /D _MBCS /Gm- /RTC1 /MDd /GS /fp:precise /Zc:wchar_t /Zc:forScope /Zc:inline /Fo"cmTC_b4183.dir\Debug\\" /Fd"cmTC_b4183.dir\Debug\vc140.pdb" /Gd /TC /analyze- /errorReport:queue "C:\Program Files (x86)\CMake\share\cmake-3.5\Modules\CheckFunctionExists.c"
  
  CheckFunctionExists.c
Link:
  C:\Program Files (x86)\Microsoft Visual Studio 14.0\VC\bin\link.exe /ERRORREPORT:QUEUE /OUT:"C:\Users\fangl\OneDrive\Documents\Code\jansson-2.7\CMakeFiles\CMakeTmp\Debug\cmTC_b4183.exe" /INCREMENTAL /NOLOGO kernel32.lib user32.lib gdi32.lib winspool.lib shell32.lib ole32.lib oleaut32.lib uuid.lib comdlg32.lib advapi32.lib /MANIFEST /MANIFESTUAC:"level='asInvoker' uiAccess='false'" /manifest:embed /DEBUG /PDB:"C:/Users/fangl/OneDrive/Documents/Code/jansson-2.7/CMakeFiles/CMakeTmp/Debug/cmTC_b4183.pdb" /SUBSYSTEM:CONSOLE /TLBID:1 /DYNAMICBASE /NXCOMPAT /IMPLIB:"C:/Users/fangl/OneDrive/Documents/Code/jansson-2.7/CMakeFiles/CMakeTmp/Debug/cmTC_b4183.lib" /MACHINE:X86 /SAFESEH  /machine:X86 cmTC_b4183.dir\Debug\CheckFunctionExists.obj
CheckFunctionExists.obj : error LNK2019: unresolved external symbol __snprintf referenced in function _main [C:\Users\fangl\OneDrive\Documents\Code\jansson-2.7\CMakeFiles\CMakeTmp\cmTC_b4183.vcxproj]
C:\Users\fangl\OneDrive\Documents\Code\jansson-2.7\CMakeFiles\CMakeTmp\Debug\cmTC_b4183.exe : fatal error LNK1120: 1 unresolved externals [C:\Users\fangl\OneDrive\Documents\Code\jansson-2.7\CMakeFiles\CMakeTmp\cmTC_b4183.vcxproj]
Done Building Project "C:\Users\fangl\OneDrive\Documents\Code\jansson-2.7\CMakeFiles\CMakeTmp\cmTC_b4183.vcxproj" (default targets) -- FAILED.

Build FAILED.

"C:\Users\fangl\OneDrive\Documents\Code\jansson-2.7\CMakeFiles\CMakeTmp\cmTC_b4183.vcxproj" (default target) (1) ->
(Link target) -> 
  CheckFunctionExists.obj : error LNK2019: unresolved external symbol __snprintf referenced in function _main [C:\Users\fangl\OneDrive\Documents\Code\jansson-2.7\CMakeFiles\CMakeTmp\cmTC_b4183.vcxproj]
  C:\Users\fangl\OneDrive\Documents\Code\jansson-2.7\CMakeFiles\CMakeTmp\Debug\cmTC_b4183.exe : fatal error LNK1120: 1 unresolved externals [C:\Users\fangl\OneDrive\Documents\Code\jansson-2.7\CMakeFiles\CMakeTmp\cmTC_b4183.vcxproj]

    0 Warning(s)
    2 Error(s)

Time Elapsed 00:00:01.65


Performing C SOURCE FILE Test HAVE_SYNC_BUILTINS failed with the following output:
Change Dir: C:/Users/fangl/OneDrive/Documents/Code/jansson-2.7/CMakeFiles/CMakeTmp

Run Build Command:"C:/Program Files (x86)/MSBuild/14.0/bin/MSBuild.exe" "cmTC_6b188.vcxproj" "/p:Configuration=Debug" "/p:VisualStudioVersion=14.0"
Microsoft (R) Build Engine version 14.0.25123.0
Copyright (C) Microsoft Corporation. All rights reserved.

Build started 4/20/2016 7:53:25 AM.
Project "C:\Users\fangl\OneDrive\Documents\Code\jansson-2.7\CMakeFiles\CMakeTmp\cmTC_6b188.vcxproj" on node 1 (default targets).
PrepareForBuild:
  Creating directory "cmTC_6b188.dir\Debug\".
  Creating directory "C:\Users\fangl\OneDrive\Documents\Code\jansson-2.7\CMakeFiles\CMakeTmp\Debug\".
  Creating directory "cmTC_6b188.dir\Debug\cmTC_6b188.tlog\".
InitializeBuildStatus:
  Creating "cmTC_6b188.dir\Debug\cmTC_6b188.tlog\unsuccessfulbuild" because "AlwaysCreate" was specified.
ClCompile:
  C:\Program Files (x86)\Microsoft Visual Studio 14.0\VC\bin\CL.exe /c /Zi /W3 /WX- /Od /Ob0 /Oy- /D WIN32 /D _WINDOWS /D HAVE_SYNC_BUILTINS /D _DEBUG /D "CMAKE_INTDIR=\"Debug\"" /D _MBCS /Gm- /RTC1 /MDd /GS /fp:precise /Zc:wchar_t /Zc:forScope /Zc:inline /Fo"cmTC_6b188.dir\Debug\\" /Fd"cmTC_6b188.dir\Debug\vc140.pdb" /Gd /TC /analyze- /errorReport:queue "C:\Users\fangl\OneDrive\Documents\Code\jansson-2.7\CMakeFiles\CMakeTmp\src.c"
  Microsoft (R) C/C++ Optimizing Compiler Version 19.00.23918 for x86
  Copyright (C) Microsoft Corporation.  All rights reserved.
  
  cl /c /Zi /W3 /WX- /Od /Ob0 /Oy- /D WIN32 /D _WINDOWS /D HAVE_SYNC_BUILTINS /D _DEBUG /D "CMAKE_INTDIR=\"Debug\"" /D _MBCS /Gm- /RTC1 /MDd /GS /fp:precise /Zc:wchar_t /Zc:forScope /Zc:inline /Fo"cmTC_6b188.dir\Debug\\" /Fd"cmTC_6b188.dir\Debug\vc140.pdb" /Gd /TC /analyze- /errorReport:queue "C:\Users\fangl\OneDrive\Documents\Code\jansson-2.7\CMakeFiles\CMakeTmp\src.c"
  
  src.c
C:\Users\fangl\OneDrive\Documents\Code\jansson-2.7\CMakeFiles\CMakeTmp\src.c(1): warning C4013: '__sync_bool_compare_and_swap' undefined; assuming extern returning int [C:\Users\fangl\OneDrive\Documents\Code\jansson-2.7\CMakeFiles\CMakeTmp\cmTC_6b188.vcxproj]
Link:
  C:\Program Files (x86)\Microsoft Visual Studio 14.0\VC\bin\link.exe /ERRORREPORT:QUEUE /OUT:"C:\Users\fangl\OneDrive\Documents\Code\jansson-2.7\CMakeFiles\CMakeTmp\Debug\cmTC_6b188.exe" /INCREMENTAL /NOLOGO kernel32.lib user32.lib gdi32.lib winspool.lib shell32.lib ole32.lib oleaut32.lib uuid.lib comdlg32.lib advapi32.lib /MANIFEST /MANIFESTUAC:"level='asInvoker' uiAccess='false'" /manifest:embed /DEBUG /PDB:"C:/Users/fangl/OneDrive/Documents/Code/jansson-2.7/CMakeFiles/CMakeTmp/Debug/cmTC_6b188.pdb" /SUBSYSTEM:CONSOLE /TLBID:1 /DYNAMICBASE /NXCOMPAT /IMPLIB:"C:/Users/fangl/OneDrive/Documents/Code/jansson-2.7/CMakeFiles/CMakeTmp/Debug/cmTC_6b188.lib" /MACHINE:X86 /SAFESEH  /machine:X86 cmTC_6b188.dir\Debug\src.obj
src.obj : error LNK2019: unresolved external symbol ___sync_bool_compare_and_swap referenced in function _main [C:\Users\fangl\OneDrive\Documents\Code\jansson-2.7\CMakeFiles\CMakeTmp\cmTC_6b188.vcxproj]
C:\Users\fangl\OneDrive\Documents\Code\jansson-2.7\CMakeFiles\CMakeTmp\Debug\cmTC_6b188.exe : fatal error LNK1120: 1 unresolved externals [C:\Users\fangl\OneDrive\Documents\Code\jansson-2.7\CMakeFiles\CMakeTmp\cmTC_6b188.vcxproj]
Done Building Project "C:\Users\fangl\OneDrive\Documents\Code\jansson-2.7\CMakeFiles\CMakeTmp\cmTC_6b188.vcxproj" (default targets) -- FAILED.

Build FAILED.

"C:\Users\fangl\OneDrive\Documents\Code\jansson-2.7\CMakeFiles\CMakeTmp\cmTC_6b188.vcxproj" (default target) (1) ->
(ClCompile target) -> 
  C:\Users\fangl\OneDrive\Documents\Code\jansson-2.7\CMakeFiles\CMakeTmp\src.c(1): warning C4013: '__sync_bool_compare_and_swap' undefined; assuming extern returning int [C:\Users\fangl\OneDrive\Documents\Code\jansson-2.7\CMakeFiles\CMakeTmp\cmTC_6b188.vcxproj]


"C:\Users\fangl\OneDrive\Documents\Code\jansson-2.7\CMakeFiles\CMakeTmp\cmTC_6b188.vcxproj" (default target) (1) ->
(Link target) -> 
  src.obj : error LNK2019: unresolved external symbol ___sync_bool_compare_and_swap referenced in function _main [C:\Users\fangl\OneDrive\Documents\Code\jansson-2.7\CMakeFiles\CMakeTmp\cmTC_6b188.vcxproj]
  C:\Users\fangl\OneDrive\Documents\Code\jansson-2.7\CMakeFiles\CMakeTmp\Debug\cmTC_6b188.exe : fatal error LNK1120: 1 unresolved externals [C:\Users\fangl\OneDrive\Documents\Code\jansson-2.7\CMakeFiles\CMakeTmp\cmTC_6b188.vcxproj]

    1 Warning(s)
    2 Error(s)

Time Elapsed 00:00:01.67

Source file was:
int main() { unsigned long val; __sync_bool_compare_and_swap(&val, 0, 1); return 0; } 
Performing C SOURCE FILE Test HAVE_ATOMIC_BUILTINS failed with the following output:
Change Dir: C:/Users/fangl/OneDrive/Documents/Code/jansson-2.7/CMakeFiles/CMakeTmp

Run Build Command:"C:/Program Files (x86)/MSBuild/14.0/bin/MSBuild.exe" "cmTC_3d258.vcxproj" "/p:Configuration=Debug" "/p:VisualStudioVersion=14.0"
Microsoft (R) Build Engine version 14.0.25123.0
Copyright (C) Microsoft Corporation. All rights reserved.

Build started 4/20/2016 7:53:27 AM.
Project "C:\Users\fangl\OneDrive\Documents\Code\jansson-2.7\CMakeFiles\CMakeTmp\cmTC_3d258.vcxproj" on node 1 (default targets).
PrepareForBuild:
  Creating directory "cmTC_3d258.dir\Debug\".
  Creating directory "C:\Users\fangl\OneDrive\Documents\Code\jansson-2.7\CMakeFiles\CMakeTmp\Debug\".
  Creating directory "cmTC_3d258.dir\Debug\cmTC_3d258.tlog\".
InitializeBuildStatus:
  Creating "cmTC_3d258.dir\Debug\cmTC_3d258.tlog\unsuccessfulbuild" because "AlwaysCreate" was specified.
ClCompile:
  C:\Program Files (x86)\Microsoft Visual Studio 14.0\VC\bin\CL.exe /c /Zi /W3 /WX- /Od /Ob0 /Oy- /D WIN32 /D _WINDOWS /D HAVE_ATOMIC_BUILTINS /D _DEBUG /D "CMAKE_INTDIR=\"Debug\"" /D _MBCS /Gm- /RTC1 /MDd /GS /fp:precise /Zc:wchar_t /Zc:forScope /Zc:inline /Fo"cmTC_3d258.dir\Debug\\" /Fd"cmTC_3d258.dir\Debug\vc140.pdb" /Gd /TC /analyze- /errorReport:queue "C:\Users\fangl\OneDrive\Documents\Code\jansson-2.7\CMakeFiles\CMakeTmp\src.c"
  Microsoft (R) C/C++ Optimizing Compiler Version 19.00.23918 for x86
  Copyright (C) Microsoft Corporation.  All rights reserved.
  
  cl /c /Zi /W3 /WX- /Od /Ob0 /Oy- /D WIN32 /D _WINDOWS /D HAVE_ATOMIC_BUILTINS /D _DEBUG /D "CMAKE_INTDIR=\"Debug\"" /D _MBCS /Gm- /RTC1 /MDd /GS /fp:precise /Zc:wchar_t /Zc:forScope /Zc:inline /Fo"cmTC_3d258.dir\Debug\\" /Fd"cmTC_3d258.dir\Debug\vc140.pdb" /Gd /TC /analyze- /errorReport:queue "C:\Users\fangl\OneDrive\Documents\Code\jansson-2.7\CMakeFiles\CMakeTmp\src.c"
  
  src.c
C:\Users\fangl\OneDrive\Documents\Code\jansson-2.7\CMakeFiles\CMakeTmp\src.c(1): warning C4013: '__atomic_test_and_set' undefined; assuming extern returning int [C:\Users\fangl\OneDrive\Documents\Code\jansson-2.7\CMakeFiles\CMakeTmp\cmTC_3d258.vcxproj]
C:\Users\fangl\OneDrive\Documents\Code\jansson-2.7\CMakeFiles\CMakeTmp\src.c(1): error C2065: '__ATOMIC_RELAXED': undeclared identifier [C:\Users\fangl\OneDrive\Documents\Code\jansson-2.7\CMakeFiles\CMakeTmp\cmTC_3d258.vcxproj]
C:\Users\fangl\OneDrive\Documents\Code\jansson-2.7\CMakeFiles\CMakeTmp\src.c(1): warning C4013: '__atomic_store_n' undefined; assuming extern returning int [C:\Users\fangl\OneDrive\Documents\Code\jansson-2.7\CMakeFiles\CMakeTmp\cmTC_3d258.vcxproj]
C:\Users\fangl\OneDrive\Documents\Code\jansson-2.7\CMakeFiles\CMakeTmp\src.c(1): error C2065: '__ATOMIC_RELEASE': undeclared identifier [C:\Users\fangl\OneDrive\Documents\Code\jansson-2.7\CMakeFiles\CMakeTmp\cmTC_3d258.vcxproj]
C:\Users\fangl\OneDrive\Documents\Code\jansson-2.7\CMakeFiles\CMakeTmp\src.c(1): warning C4013: '__atomic_load_n' undefined; assuming extern returning int [C:\Users\fangl\OneDrive\Documents\Code\jansson-2.7\CMakeFiles\CMakeTmp\cmTC_3d258.vcxproj]
C:\Users\fangl\OneDrive\Documents\Code\jansson-2.7\CMakeFiles\CMakeTmp\src.c(1): error C2065: '__ATOMIC_ACQUIRE': undeclared identifier [C:\Users\fangl\OneDrive\Documents\Code\jansson-2.7\CMakeFiles\CMakeTmp\cmTC_3d258.vcxproj]
Done Building Project "C:\Users\fangl\OneDrive\Documents\Code\jansson-2.7\CMakeFiles\CMakeTmp\cmTC_3d258.vcxproj" (default targets) -- FAILED.

Build FAILED.

"C:\Users\fangl\OneDrive\Documents\Code\jansson-2.7\CMakeFiles\CMakeTmp\cmTC_3d258.vcxproj" (default target) (1) ->
(ClCompile target) -> 
  C:\Users\fangl\OneDrive\Documents\Code\jansson-2.7\CMakeFiles\CMakeTmp\src.c(1): warning C4013: '__atomic_test_and_set' undefined; assuming extern returning int [C:\Users\fangl\OneDrive\Documents\Code\jansson-2.7\CMakeFiles\CMakeTmp\cmTC_3d258.vcxproj]
  C:\Users\fangl\OneDrive\Documents\Code\jansson-2.7\CMakeFiles\CMakeTmp\src.c(1): warning C4013: '__atomic_store_n' undefined; assuming extern returning int [C:\Users\fangl\OneDrive\Documents\Code\jansson-2.7\CMakeFiles\CMakeTmp\cmTC_3d258.vcxproj]
  C:\Users\fangl\OneDrive\Documents\Code\jansson-2.7\CMakeFiles\CMakeTmp\src.c(1): warning C4013: '__atomic_load_n' undefined; assuming extern returning int [C:\Users\fangl\OneDrive\Documents\Code\jansson-2.7\CMakeFiles\CMakeTmp\cmTC_3d258.vcxproj]


"C:\Users\fangl\OneDrive\Documents\Code\jansson-2.7\CMakeFiles\CMakeTmp\cmTC_3d258.vcxproj" (default target) (1) ->
(ClCompile target) -> 
  C:\Users\fangl\OneDrive\Documents\Code\jansson-2.7\CMakeFiles\CMakeTmp\src.c(1): error C2065: '__ATOMIC_RELAXED': undeclared identifier [C:\Users\fangl\OneDrive\Documents\Code\jansson-2.7\CMakeFiles\CMakeTmp\cmTC_3d258.vcxproj]
  C:\Users\fangl\OneDrive\Documents\Code\jansson-2.7\CMakeFiles\CMakeTmp\src.c(1): error C2065: '__ATOMIC_RELEASE': undeclared identifier [C:\Users\fangl\OneDrive\Documents\Code\jansson-2.7\CMakeFiles\CMakeTmp\cmTC_3d258.vcxproj]
  C:\Users\fangl\OneDrive\Documents\Code\jansson-2.7\CMakeFiles\CMakeTmp\src.c(1): error C2065: '__ATOMIC_ACQUIRE': undeclared identifier [C:\Users\fangl\OneDrive\Documents\Code\jansson-2.7\CMakeFiles\CMakeTmp\cmTC_3d258.vcxproj]

    3 Warning(s)
    3 Error(s)

Time Elapsed 00:00:01.26

Source file was:
int main() { char l; unsigned long v; __atomic_test_and_set(&l, __ATOMIC_RELAXED); __atomic_store_n(&v, 1, __ATOMIC_RELEASE); __atomic_load_n(&v, __ATOMIC_ACQUIRE); return 0; }
